#
# There is insufficient memory for the Java Runtime Environment to continue.
# Native memory allocation (malloc) failed to allocate 715136 bytes for Chunk::new
# Possible reasons:
#   The system is out of physical RAM or swap space
#   In 32 bit mode, the process size limit was hit
# Possible solutions:
#   Reduce memory load on the system
#   Increase physical memory or swap space
#   Check if swap backing store is full
#   Use 64 bit Java on a 64 bit OS
#   Decrease Java heap size (-Xmx/-Xms)
#   Decrease number of Java threads
#   Decrease Java thread stack sizes (-Xss)
#   Set larger code cache with -XX:ReservedCodeCacheSize=
# This output file may be truncated or incomplete.
#
#  Out of Memory Error (allocation.cpp:390), pid=5004, tid=0x00000000000021a0
#
# JRE version: Java(TM) SE Runtime Environment (8.0_101-b13) (build 1.8.0_101-b13)
# Java VM: Java HotSpot(TM) 64-Bit Server VM (25.101-b13 mixed mode windows-amd64 compressed oops)
# Failed to write core dump. Minidumps are not enabled by default on client versions of Windows
#

---------------  T H R E A D  ---------------

Current thread (0x0000000014ec9800):  JavaThread "C2 CompilerThread1" daemon [_thread_in_native, id=8608, stack(0x0000000016600000,0x0000000016700000)]

Stack: [0x0000000016600000,0x0000000016700000]
[error occurred during error reporting (printing stack bounds), id 0xc0000005]

Native frames: (J=compiled Java code, j=interpreted, Vv=VM code, C=native code)


Current CompileTask:
C2:   3802 1458       4       com.android.dx.ssa.SCCP::simulateBlock (54 bytes)


---------------  P R O C E S S  ---------------

Java Threads: ( => current thread )
  0x000000001688a800 JavaThread "pool-3-thread-1" [_thread_blocked, id=1572, stack(0x0000000016f00000,0x0000000017000000)]
  0x0000000016889800 JavaThread "pool-2-thread-1" [_thread_in_Java, id=4548, stack(0x0000000016e00000,0x0000000016f00000)]
  0x000000001674f000 JavaThread "Service Thread" daemon [_thread_blocked, id=2184, stack(0x0000000016c00000,0x0000000016d00000)]
  0x000000001674a000 JavaThread "C1 CompilerThread2" daemon [_thread_blocked, id=10932, stack(0x0000000016b00000,0x0000000016c00000)]
=>0x0000000014ec9800 JavaThread "C2 CompilerThread1" daemon [_thread_in_native, id=8608, stack(0x0000000016600000,0x0000000016700000)]
  0x0000000014ec6800 JavaThread "C2 CompilerThread0" daemon [_thread_in_native, id=1276, stack(0x0000000016500000,0x0000000016600000)]
  0x0000000014f13800 JavaThread "Attach Listener" daemon [_thread_blocked, id=1792, stack(0x0000000016400000,0x0000000016500000)]
  0x0000000014f12800 JavaThread "Signal Dispatcher" daemon [_thread_blocked, id=5352, stack(0x0000000016300000,0x0000000016400000)]
  0x0000000014eaa000 JavaThread "Finalizer" daemon [_thread_blocked, id=4564, stack(0x0000000016110000,0x0000000016210000)]
  0x00000000027e0000 JavaThread "Reference Handler" daemon [_thread_blocked, id=10920, stack(0x0000000016010000,0x0000000016110000)]
  0x0000000000b2e000 JavaThread "main" [_thread_blocked, id=7528, stack(0x00000000025f0000,0x00000000026f0000)]

Other Threads:
  0x0000000014e87000 VMThread [stack: 0x0000000015f10000,0x0000000016010000] [id=2332]
  0x0000000016798000 WatcherThread [stack: 0x0000000016d00000,0x0000000016e00000] [id=7888]

VM state:not at safepoint (normal execution)

VM Mutex/Monitor currently owned by a thread: None

Heap:
 PSYoungGen      total 102400K, used 16196K [0x00000000eab00000, 0x00000000f1300000, 0x0000000100000000)
  eden space 98304K, 16% used [0x00000000eab00000,0x00000000ebad1018,0x00000000f0b00000)
  from space 4096K, 0% used [0x00000000f0f00000,0x00000000f0f00000,0x00000000f1300000)
  to   space 4096K, 0% used [0x00000000f0b00000,0x00000000f0b00000,0x00000000f0f00000)
 ParOldGen       total 78848K, used 18381K [0x00000000c0000000, 0x00000000c4d00000, 0x00000000eab00000)
  object space 78848K, 23% used [0x00000000c0000000,0x00000000c11f3788,0x00000000c4d00000)
 Metaspace       used 5873K, capacity 6960K, committed 7040K, reserved 1056768K
  class space    used 585K, capacity 616K, committed 640K, reserved 1048576K

Card table byte_map: [0x0000000011bb0000,0x0000000011dc0000] byte_map_base: 0x00000000115b0000

Marking Bits: (ParMarkBitMap*) 0x0000000063bba6d0
 Begin Bits: [0x0000000012320000, 0x0000000013320000)
 End Bits:   [0x0000000013320000, 0x0000000014320000)

Polling page: 0x0000000000b30000

CodeCache: size=245760Kb used=6006Kb max_used=6006Kb free=239753Kb
 bounds [0x00000000027f0000, 0x0000000002de0000, 0x00000000117f0000]
 total_blobs=1648 nmethods=1386 adapters=175
 compilation: enabled

Compilation events (10 events):
Event: 3.744 Thread 0x000000001674a000 1467       2       com.android.dx.ssa.ConstCollector::updateConstUses (248 bytes)
Event: 3.747 Thread 0x000000001674a000 nmethod 1467 0x0000000002dd2a10 code [0x0000000002dd2c80, 0x0000000002dd3578]
Event: 3.755 Thread 0x000000001674a000 1468       2       com.android.dx.ssa.PhiTypeResolver::run (179 bytes)
Event: 3.756 Thread 0x000000001674a000 nmethod 1468 0x0000000002db1a90 code [0x0000000002db1ca0, 0x0000000002db2268]
Event: 3.757 Thread 0x000000001674a000 1469       2       com.android.dx.ssa.back.InterferenceGraph::<init> (42 bytes)
Event: 3.758 Thread 0x000000001674a000 nmethod 1469 0x0000000002dcf450 code [0x0000000002dcf600, 0x0000000002dcfc18]
Event: 3.761 Thread 0x000000001674a000 1470       2       com.android.dx.ssa.back.LivenessAnalyzer::constructInterferenceGraph (47 bytes)
Event: 3.762 Thread 0x000000001674a000 nmethod 1470 0x0000000002dd23d0 code [0x0000000002dd2560, 0x0000000002dd2858]
Event: 3.774 Thread 0x000000001674a000 1471       2       com.android.dx.ssa.back.FirstFitLocalCombiningAllocator::handleUnassociatedParameters (60 bytes)
Event: 3.774 Thread 0x000000001674a000 nmethod 1471 0x0000000002dbdcd0 code [0x0000000002dbde60, 0x0000000002dbe118]

GC Heap History (10 events):
Event: 1.785 GC heap before
{Heap before GC invocations=1 (full 0):
 PSYoungGen      total 28672K, used 24576K [0x00000000eab00000, 0x00000000ecb00000, 0x0000000100000000)
  eden space 24576K, 100% used [0x00000000eab00000,0x00000000ec300000,0x00000000ec300000)
  from space 4096K, 0% used [0x00000000ec700000,0x00000000ec700000,0x00000000ecb00000)
  to   space 4096K, 0% used [0x00000000ec300000,0x00000000ec300000,0x00000000ec700000)
 ParOldGen       total 65536K, used 0K [0x00000000c0000000, 0x00000000c4000000, 0x00000000eab00000)
  object space 65536K, 0% used [0x00000000c0000000,0x00000000c0000000,0x00000000c4000000)
 Metaspace       used 5672K, capacity 6768K, committed 7040K, reserved 1056768K
  class space    used 580K, capacity 616K, committed 640K, reserved 1048576K
Event: 1.819 GC heap after
Heap after GC invocations=1 (full 0):
 PSYoungGen      total 28672K, used 4075K [0x00000000eab00000, 0x00000000ee300000, 0x0000000100000000)
  eden space 24576K, 0% used [0x00000000eab00000,0x00000000eab00000,0x00000000ec300000)
  from space 4096K, 99% used [0x00000000ec300000,0x00000000ec6fafa8,0x00000000ec700000)
  to   space 4096K, 0% used [0x00000000edf00000,0x00000000edf00000,0x00000000ee300000)
 ParOldGen       total 65536K, used 3751K [0x00000000c0000000, 0x00000000c4000000, 0x00000000eab00000)
  object space 65536K, 5% used [0x00000000c0000000,0x00000000c03a9df8,0x00000000c4000000)
 Metaspace       used 5672K, capacity 6768K, committed 7040K, reserved 1056768K
  class space    used 580K, capacity 616K, committed 640K, reserved 1048576K
}
Event: 2.117 GC heap before
{Heap before GC invocations=2 (full 0):
 PSYoungGen      total 28672K, used 28651K [0x00000000eab00000, 0x00000000ee300000, 0x0000000100000000)
  eden space 24576K, 100% used [0x00000000eab00000,0x00000000ec300000,0x00000000ec300000)
  from space 4096K, 99% used [0x00000000ec300000,0x00000000ec6fafa8,0x00000000ec700000)
  to   space 4096K, 0% used [0x00000000edf00000,0x00000000edf00000,0x00000000ee300000)
 ParOldGen       total 65536K, used 3751K [0x00000000c0000000, 0x00000000c4000000, 0x00000000eab00000)
  object space 65536K, 5% used [0x00000000c0000000,0x00000000c03a9df8,0x00000000c4000000)
 Metaspace       used 5724K, capacity 6832K, committed 7040K, reserved 1056768K
  class space    used 580K, capacity 616K, committed 640K, reserved 1048576K
Event: 2.136 GC heap after
Heap after GC invocations=2 (full 0):
 PSYoungGen      total 53248K, used 4070K [0x00000000eab00000, 0x00000000ee300000, 0x0000000100000000)
  eden space 49152K, 0% used [0x00000000eab00000,0x00000000eab00000,0x00000000edb00000)
  from space 4096K, 99% used [0x00000000edf00000,0x00000000ee2f9848,0x00000000ee300000)
  to   space 4096K, 0% used [0x00000000edb00000,0x00000000edb00000,0x00000000edf00000)
 ParOldGen       total 65536K, used 17559K [0x00000000c0000000, 0x00000000c4000000, 0x00000000eab00000)
  object space 65536K, 26% used [0x00000000c0000000,0x00000000c1125c40,0x00000000c4000000)
 Metaspace       used 5724K, capacity 6832K, committed 7040K, reserved 1056768K
  class space    used 580K, capacity 616K, committed 640K, reserved 1048576K
}
Event: 2.648 GC heap before
{Heap before GC invocations=3 (full 0):
 PSYoungGen      total 53248K, used 53222K [0x00000000eab00000, 0x00000000ee300000, 0x0000000100000000)
  eden space 49152K, 100% used [0x00000000eab00000,0x00000000edb00000,0x00000000edb00000)
  from space 4096K, 99% used [0x00000000edf00000,0x00000000ee2f9848,0x00000000ee300000)
  to   space 4096K, 0% used [0x00000000edb00000,0x00000000edb00000,0x00000000edf00000)
 ParOldGen       total 65536K, used 17559K [0x00000000c0000000, 0x00000000c4000000, 0x00000000eab00000)
  object space 65536K, 26% used [0x00000000c0000000,0x00000000c1125c40,0x00000000c4000000)
 Metaspace       used 5767K, capacity 6832K, committed 7040K, reserved 1056768K
  class space    used 581K, capacity 616K, committed 640K, reserved 1048576K
Event: 2.703 GC heap after
Heap after GC invocations=3 (full 0):
 PSYoungGen      total 53248K, used 4073K [0x00000000eab00000, 0x00000000f1300000, 0x0000000100000000)
  eden space 49152K, 0% used [0x00000000eab00000,0x00000000eab00000,0x00000000edb00000)
  from space 4096K, 99% used [0x00000000edb00000,0x00000000edefa6b8,0x00000000edf00000)
  to   space 4096K, 0% used [0x00000000f0f00000,0x00000000f0f00000,0x00000000f1300000)
 ParOldGen       total 65536K, used 34414K [0x00000000c0000000, 0x00000000c4000000, 0x00000000eab00000)
  object space 65536K, 52% used [0x00000000c0000000,0x00000000c219b9c0,0x00000000c4000000)
 Metaspace       used 5767K, capacity 6832K, committed 7040K, reserved 1056768K
  class space    used 581K, capacity 616K, committed 640K, reserved 1048576K
}
Event: 3.308 GC heap before
{Heap before GC invocations=4 (full 0):
 PSYoungGen      total 53248K, used 53225K [0x00000000eab00000, 0x00000000f1300000, 0x0000000100000000)
  eden space 49152K, 100% used [0x00000000eab00000,0x00000000edb00000,0x00000000edb00000)
  from space 4096K, 99% used [0x00000000edb00000,0x00000000edefa6b8,0x00000000edf00000)
  to   space 4096K, 0% used [0x00000000f0f00000,0x00000000f0f00000,0x00000000f1300000)
 ParOldGen       total 65536K, used 34414K [0x00000000c0000000, 0x00000000c4000000, 0x00000000eab00000)
  object space 65536K, 52% used [0x00000000c0000000,0x00000000c219b9c0,0x00000000c4000000)
 Metaspace       used 5846K, capacity 6896K, committed 7040K, reserved 1056768K
  class space    used 585K, capacity 616K, committed 640K, reserved 1048576K
Event: 3.365 GC heap after
Heap after GC invocations=4 (full 0):
 PSYoungGen      total 102400K, used 4087K [0x00000000eab00000, 0x00000000f1300000, 0x0000000100000000)
  eden space 98304K, 0% used [0x00000000eab00000,0x00000000eab00000,0x00000000f0b00000)
  from space 4096K, 99% used [0x00000000f0f00000,0x00000000f12fdc68,0x00000000f1300000)
  to   space 4096K, 0% used [0x00000000f0b00000,0x00000000f0b00000,0x00000000f0f00000)
 ParOldGen       total 65536K, used 52191K [0x00000000c0000000, 0x00000000c4000000, 0x00000000eab00000)
  object space 65536K, 79% used [0x00000000c0000000,0x00000000c32f7c00,0x00000000c4000000)
 Metaspace       used 5846K, capacity 6896K, committed 7040K, reserved 1056768K
  class space    used 585K, capacity 616K, committed 640K, reserved 1048576K
}
Event: 3.365 GC heap before
{Heap before GC invocations=5 (full 1):
 PSYoungGen      total 102400K, used 4087K [0x00000000eab00000, 0x00000000f1300000, 0x0000000100000000)
  eden space 98304K, 0% used [0x00000000eab00000,0x00000000eab00000,0x00000000f0b00000)
  from space 4096K, 99% used [0x00000000f0f00000,0x00000000f12fdc68,0x00000000f1300000)
  to   space 4096K, 0% used [0x00000000f0b00000,0x00000000f0b00000,0x00000000f0f00000)
 ParOldGen       total 65536K, used 52191K [0x00000000c0000000, 0x00000000c4000000, 0x00000000eab00000)
  object space 65536K, 79% used [0x00000000c0000000,0x00000000c32f7c00,0x00000000c4000000)
 Metaspace       used 5846K, capacity 6896K, committed 7040K, reserved 1056768K
  class space    used 585K, capacity 616K, committed 640K, reserved 1048576K
Event: 3.554 GC heap after
Heap after GC invocations=5 (full 1):
 PSYoungGen      total 102400K, used 0K [0x00000000eab00000, 0x00000000f1300000, 0x0000000100000000)
  eden space 98304K, 0% used [0x00000000eab00000,0x00000000eab00000,0x00000000f0b00000)
  from space 4096K, 0% used [0x00000000f0f00000,0x00000000f0f00000,0x00000000f1300000)
  to   space 4096K, 0% used [0x00000000f0b00000,0x00000000f0b00000,0x00000000f0f00000)
 ParOldGen       total 78848K, used 18381K [0x00000000c0000000, 0x00000000c4d00000, 0x00000000eab00000)
  object space 78848K, 23% used [0x00000000c0000000,0x00000000c11f3788,0x00000000c4d00000)
 Metaspace       used 5846K, capacity 6896K, committed 7040K, reserved 1056768K
  class space    used 585K, capacity 616K, committed 640K, reserved 1048576K
}

Deoptimization events (10 events):
Event: 1.708 Thread 0x0000000016889800 Uncommon trap: reason=bimorphic action=maybe_recompile pc=0x0000000002bb9d94 method=com.android.dx.cf.code.BytecodeArray.parseInstruction(ILcom/android/dx/cf/code/BytecodeArray$Visitor;)I @ 971
Event: 1.740 Thread 0x0000000016983000 Uncommon trap: reason=class_check action=maybe_recompile pc=0x0000000002ad7020 method=com.android.dx.rop.type.Type.equals(Ljava/lang/Object;)Z @ 8
Event: 1.740 Thread 0x0000000016983000 Uncommon trap: reason=class_check action=maybe_recompile pc=0x0000000002ad7020 method=com.android.dx.rop.type.Type.equals(Ljava/lang/Object;)Z @ 8
Event: 2.405 Thread 0x0000000000b2e000 Uncommon trap: reason=bimorphic action=maybe_recompile pc=0x0000000002c3f1b0 method=com.android.dx.cf.code.BytecodeArray.parseInstruction(ILcom/android/dx/cf/code/BytecodeArray$Visitor;)I @ 1130
Event: 2.405 Thread 0x0000000000b2e000 Uncommon trap: reason=bimorphic action=maybe_recompile pc=0x0000000002c3f1b0 method=com.android.dx.cf.code.BytecodeArray.parseInstruction(ILcom/android/dx/cf/code/BytecodeArray$Visitor;)I @ 1130
Event: 2.724 Thread 0x0000000016889800 Uncommon trap: reason=class_check action=maybe_recompile pc=0x0000000002baa5c8 method=com.android.dx.ssa.NormalSsaInsn.accept(Lcom/android/dx/ssa/SsaInsn$Visitor;)V @ 9
Event: 2.724 Thread 0x0000000016889800 Uncommon trap: reason=class_check action=maybe_recompile pc=0x0000000002baa5c8 method=com.android.dx.ssa.NormalSsaInsn.accept(Lcom/android/dx/ssa/SsaInsn$Visitor;)V @ 9
Event: 2.725 Thread 0x0000000016889800 Uncommon trap: reason=class_check action=maybe_recompile pc=0x0000000002baa5c8 method=com.android.dx.ssa.NormalSsaInsn.accept(Lcom/android/dx/ssa/SsaInsn$Visitor;)V @ 9
Event: 2.726 Thread 0x0000000016889800 Uncommon trap: reason=class_check action=maybe_recompile pc=0x0000000002baa5c8 method=com.android.dx.ssa.NormalSsaInsn.accept(Lcom/android/dx/ssa/SsaInsn$Visitor;)V @ 9
Event: 2.748 Thread 0x0000000000b2e000 Uncommon trap: reason=unstable_if action=reinterpret pc=0x0000000002cb69a8 method=com.android.dx.ssa.LocalVariableExtractor.processBlock(I)V @ 194

Internal exceptions (2 events):
Event: 0.107 Thread 0x0000000000b2e000 Exception <a 'java/lang/NoSuchMethodError': Method sun.misc.Unsafe.defineClass(Ljava/lang/String;[BII)Ljava/lang/Class; name or signature does not match> (0x00000000eab07cc0) thrown at [C:\re\workspace\8-2-build-windows-amd64-cygwin\jdk8u101\7261\hotspot\sÕ‚A_Vª?
Event: 0.107 Thread 0x0000000000b2e000 Exception <a 'java/lang/NoSuchMethodError': Method sun.misc.Unsafe.prefetchRead(Ljava/lang/Object;J)V name or signature does not match> (0x00000000eab07fa8) thrown at [C:\re\workspace\8-2-build-windows-amd64-cygwin\jdk8u101\7261\hotspot\src\share\vm\prims\

Events (10 events):
Event: 3.748 Thread 0x0000000016889800 DEOPT PACKING pc=0x0000000002cc6791 sp=0x0000000016efe780
Event: 3.748 Thread 0x0000000016889800 DEOPT UNPACKING pc=0x000000000283787f sp=0x0000000016efe528 mode 0
Event: 3.748 Thread 0x0000000016889800 DEOPT PACKING pc=0x0000000002cc6791 sp=0x0000000016efe780
Event: 3.748 Thread 0x0000000016889800 DEOPT UNPACKING pc=0x000000000283787f sp=0x0000000016efe528 mode 0
Event: 3.749 Thread 0x0000000016889800 DEOPT PACKING pc=0x0000000002cc6791 sp=0x0000000016efe780
Event: 3.749 Thread 0x0000000016889800 DEOPT UNPACKING pc=0x000000000283787f sp=0x0000000016efe528 mode 0
Event: 3.750 Thread 0x0000000016889800 DEOPT PACKING pc=0x0000000002cc6791 sp=0x0000000016efe780
Event: 3.750 Thread 0x0000000016889800 DEOPT UNPACKING pc=0x000000000283787f sp=0x0000000016efe528 mode 0
Event: 3.750 Thread 0x0000000016889800 DEOPT PACKING pc=0x0000000002cc6791 sp=0x0000000016efe780
Event: 3.750 Thread 0x0000000016889800 DEOPT UNPACKING pc=0x000000000283787f sp=0x0000000016efe528 mode 0


Dynamic libraries:
0x00007ff686320000 - 0x00007ff686357000 	C:\Program Files\Java\jdk1.8.0_101\bin\java.exe
0x00007ff81b8d0000 - 0x00007ff81baa1000 	C:\Windows\SYSTEM32\ntdll.dll
0x00007ff81b390000 - 0x00007ff81b43b000 	C:\Windows\System32\KERNEL32.DLL
0x00007ff817da0000 - 0x00007ff817fbd000 	C:\Windows\System32\KERNELBASE.dll
0x00007ff8193b0000 - 0x00007ff819452000 	C:\Windows\System32\ADVAPI32.dll
0x00007ff819460000 - 0x00007ff8194fe000 	C:\Windows\System32\msvcrt.dll
0x00007ff818e40000 - 0x00007ff818e99000 	C:\Windows\System32\sechost.dll
0x00007ff819280000 - 0x00007ff8193a1000 	C:\Windows\System32\RPCRT4.dll
0x00007ff81af60000 - 0x00007ff81b0c5000 	C:\Windows\System32\USER32.dll
0x00007ff818760000 - 0x00007ff81877e000 	C:\Windows\System32\win32u.dll
0x00007ff819500000 - 0x00007ff819534000 	C:\Windows\System32\GDI32.dll
0x00007ff818cb0000 - 0x00007ff818e32000 	C:\Windows\System32\gdi32full.dll
0x00007ff80d9e0000 - 0x00007ff80dc5a000 	C:\Windows\WinSxS\amd64_microsoft.windows.common-controls_6595b64144ccf1df_6.0.14393.953_none_42151e83c686086b\COMCTL32.dll
0x00007ff81b5a0000 - 0x00007ff81b868000 	C:\Windows\System32\combase.dll
0x00007ff8188d0000 - 0x00007ff8189c5000 	C:\Windows\System32\ucrtbase.dll
0x00007ff8186f0000 - 0x00007ff81875a000 	C:\Windows\System32\bcryptPrimitives.dll
0x00007ff818fe0000 - 0x00007ff81900e000 	C:\Windows\System32\IMM32.DLL
0x0000000063c40000 - 0x0000000063d12000 	C:\Program Files\Java\jdk1.8.0_101\jre\bin\msvcr100.dll
0x00000000633a0000 - 0x0000000063c3a000 	C:\Program Files\Java\jdk1.8.0_101\jre\bin\server\jvm.dll
0x00007ff819a40000 - 0x00007ff819a48000 	C:\Windows\System32\PSAPI.DLL
0x00007ff808430000 - 0x00007ff808439000 	C:\Windows\SYSTEM32\WSOCK32.dll
0x00007ff819030000 - 0x00007ff81909a000 	C:\Windows\System32\WS2_32.dll
0x00007ff815f20000 - 0x00007ff815f43000 	C:\Windows\SYSTEM32\WINMM.dll
0x00007ff8139d0000 - 0x00007ff8139da000 	C:\Windows\SYSTEM32\VERSION.dll
0x00007ff815cb0000 - 0x00007ff815cdb000 	C:\Windows\SYSTEM32\WINMMBASE.dll
0x00007ff8186a0000 - 0x00007ff8186e2000 	C:\Windows\System32\cfgmgr32.dll
0x00000000645e0000 - 0x00000000645ef000 	C:\Program Files\Java\jdk1.8.0_101\jre\bin\verify.dll
0x0000000063370000 - 0x0000000063399000 	C:\Program Files\Java\jdk1.8.0_101\jre\bin\java.dll
0x00000000645c0000 - 0x00000000645d6000 	C:\Program Files\Java\jdk1.8.0_101\jre\bin\zip.dll
0x00007ff819a50000 - 0x00007ff81af58000 	C:\Windows\System32\SHELL32.dll
0x00007ff817fc0000 - 0x00007ff81869a000 	C:\Windows\System32\windows.storage.dll
0x00007ff817d30000 - 0x00007ff817d7c000 	C:\Windows\System32\powrprof.dll
0x00007ff819540000 - 0x00007ff819592000 	C:\Windows\System32\shlwapi.dll
0x00007ff817d20000 - 0x00007ff817d2f000 	C:\Windows\System32\kernel.appcore.dll
0x00007ff818780000 - 0x00007ff818829000 	C:\Windows\System32\shcore.dll
0x00007ff817d80000 - 0x00007ff817d94000 	C:\Windows\System32\profapi.dll

VM Arguments:
jvm_args: -Djava.awt.headless=true -Xmx1024M -Dfile.encoding=windows-1255 -Duser.country=US -Duser.language=en -Duser.variant 
java_command: com.android.dx.command.Main --dex --force-jumbo --num-threads=4 --multi-dex --output D:\Android\Projects\LearningAndroid\ud839_Miwok\app\build\intermediates\transforms\dex\debug\folders\1000\5\slice_7 D:\Android\Projects\LearningAndroid\ud839_Miwok\app\build\intermediates\transforms\instantRunSlicer\debug\folders\1\5\slice_7
java_class_path (initial): D:\Android\build-tools\25.0.0\lib\dx.jar
Launcher Type: SUN_STANDARD

Environment Variables:
JAVA_HOME=C:\Program Files\Java\jdk1.8.0_102
PATH=C:\ProgramData\Oracle\Java\javapath;C:\WINDOWS\system32;C:\WINDOWS;C:\WINDOWS\System32\Wbem;C:\WINDOWS\System32\WindowsPowerShell\v1.0\;C:\Program Files\Intel\WiFi\bin\;C:\Program Files\Common Files\Intel\WirelessCommon\;C:\Program Files (x86)\Skype\Phone\;C:\Program Files (x86)\NVIDIA Corporation\PhysX\Common;C:\Program Files\Microsoft SQL Server\120\Tools\Binn\;C:\Program Files\Microsoft SQL Server\130\Tools\Binn\;C:\Program Files (x86)\Intel\OpenCL SDK\2.0\bin\x86;C:\Program Files (x86)\Intel\OpenCL SDK\2.0\bin\x64;C:\Program Files\Microsoft\Web Platform Installer\;C:\Program Files\dotnet\;C:\Windows\system32;C:\Windows;C:\Windows\System32\Wbem;C:\Windows\System32\WindowsPowerShell\v1.0\;C:\Program Files\Java\jdk1.8.0_102\bin;C:\maven\apache-maven-3.3.9\bin;C:\mysql-connector-java-5.1.40\mysql-5.7.16-winx64\bin;C:\Python27;C:\Program Files\Git\cmd;D:\Android\tools;D:\Android\platform-tools;C:\Users\Rami LT\.dnx\bin;C:\Program Files\Intel\WiFi\bin\;C:\Program Files\Common Files\Intel\WirelessCommon\;C:\Users\Rami LT\AppData\Local\Microsoft\WindowsApps;C:\Program Files (x86)\Notepad++
USERNAME=Rami LT
OS=Windows_NT
PROCESSOR_IDENTIFIER=Intel64 Family 6 Model 42 Stepping 7, GenuineIntel



---------------  S Y S T E M  ---------------

OS: Windows 10.0 , 64 bit Build 14393 (10.0.14393.0)

CPU:total 4 (2 cores per cpu, 2 threads per core) family 6 model 42 stepping 7, cmov, cx8, fxsr, mmx, sse, sse2, sse3, ssse3, sse4.1, sse4.2, popcnt, avx, aes, clmul, ht, tsc, tscinvbit

Memory: 4k page, physical 6196396k(1221844k free), swap 7888044k(6008k free)

vm_info: Java HotSpot(TM) 64-Bit Server VM (25.101-b13) for windows-amd64 JRE (1.8.0_101-b13), built on Jun 22 2016 01:21:29 by "java_re" with MS VC++ 10.0 (VS2010)

time: Sun Apr 30 01:27:41 2017
elapsed time: 3 seconds (0d 0h 0m 3s)

