#
# There is insufficient memory for the Java Runtime Environment to continue.
# Native memory allocation (malloc) failed to allocate 441616 bytes for Chunk::new
# Possible reasons:
#   The system is out of physical RAM or swap space
#   In 32 bit mode, the process size limit was hit
# Possible solutions:
#   Reduce memory load on the system
#   Increase physical memory or swap space
#   Check if swap backing store is full
#   Use 64 bit Java on a 64 bit OS
#   Decrease Java heap size (-Xmx/-Xms)
#   Decrease number of Java threads
#   Decrease Java thread stack sizes (-Xss)
#   Set larger code cache with -XX:ReservedCodeCacheSize=
# This output file may be truncated or incomplete.
#
#  Out of Memory Error (allocation.cpp:390), pid=10816, tid=0x0000000000000620
#
# JRE version: Java(TM) SE Runtime Environment (8.0_101-b13) (build 1.8.0_101-b13)
# Java VM: Java HotSpot(TM) 64-Bit Server VM (25.101-b13 mixed mode windows-amd64 compressed oops)
# Failed to write core dump. Minidumps are not enabled by default on client versions of Windows
#

---------------  T H R E A D  ---------------

Current thread (0x00000000158b0000):  JavaThread "C2 CompilerThread1" daemon [_thread_in_native, id=1568, stack(0x0000000016fa0000,0x00000000170a0000)]

Stack: [0x0000000016fa0000,0x00000000170a0000]
[error occurred during error reporting (printing stack bounds), id 0xc0000005]

Native frames: (J=compiled Java code, j=interpreted, Vv=VM code, C=native code)


Current CompileTask:
C2:   2597 1038   !   4       com.android.dx.cf.code.RopperMachine::run (1550 bytes)


---------------  P R O C E S S  ---------------

Java Threads: ( => current thread )
  0x0000000017208000 JavaThread "pool-2-thread-4" [_thread_in_Java, id=1400, stack(0x0000000017ba0000,0x0000000017ca0000)]
  0x0000000017207000 JavaThread "pool-2-thread-3" [_thread_in_Java, id=3580, stack(0x0000000017aa0000,0x0000000017ba0000)]
  0x0000000017202000 JavaThread "pool-2-thread-2" [_thread_in_Java, id=2232, stack(0x00000000179a0000,0x0000000017aa0000)]
  0x00000000171f5800 JavaThread "pool-3-thread-1" [_thread_blocked, id=11228, stack(0x00000000178a0000,0x00000000179a0000)]
  0x00000000171f4800 JavaThread "pool-2-thread-1" [_thread_in_vm, id=8128, stack(0x00000000177a0000,0x00000000178a0000)]
  0x00000000170fc000 JavaThread "Service Thread" daemon [_thread_blocked, id=2204, stack(0x00000000175a0000,0x00000000176a0000)]
  0x00000000170ef000 JavaThread "C1 CompilerThread2" daemon [_thread_blocked, id=1020, stack(0x00000000174a0000,0x00000000175a0000)]
=>0x00000000158b0000 JavaThread "C2 CompilerThread1" daemon [_thread_in_native, id=1568, stack(0x0000000016fa0000,0x00000000170a0000)]
  0x00000000158ad000 JavaThread "C2 CompilerThread0" daemon [_thread_in_native, id=5576, stack(0x0000000016ea0000,0x0000000016fa0000)]
  0x00000000158ab000 JavaThread "Attach Listener" daemon [_thread_blocked, id=4768, stack(0x0000000016da0000,0x0000000016ea0000)]
  0x00000000158aa000 JavaThread "Signal Dispatcher" daemon [_thread_blocked, id=9212, stack(0x0000000016ca0000,0x0000000016da0000)]
  0x000000000318a800 JavaThread "Finalizer" daemon [_thread_blocked, id=7012, stack(0x0000000016ab0000,0x0000000016bb0000)]
  0x0000000003180000 JavaThread "Reference Handler" daemon [_thread_blocked, id=6124, stack(0x00000000169b0000,0x0000000016ab0000)]
  0x0000000002f8e000 JavaThread "main" [_thread_in_native, id=9868, stack(0x0000000002f90000,0x0000000003090000)]

Other Threads:
  0x0000000015827000 VMThread [stack: 0x00000000168b0000,0x00000000169b0000] [id=10876]
  0x0000000017107000 WatcherThread [stack: 0x00000000176a0000,0x00000000177a0000] [id=9940]

VM state:not at safepoint (normal execution)

VM Mutex/Monitor currently owned by a thread: None

Heap:
 PSYoungGen      total 28672K, used 22765K [0x00000000eab00000, 0x00000000ecb00000, 0x0000000100000000)
  eden space 24576K, 75% used [0x00000000eab00000,0x00000000ebd3d2c0,0x00000000ec300000)
  from space 4096K, 99% used [0x00000000ec300000,0x00000000ec6fe330,0x00000000ec700000)
  to   space 4096K, 0% used [0x00000000ec700000,0x00000000ec700000,0x00000000ecb00000)
 ParOldGen       total 65536K, used 4618K [0x00000000c0000000, 0x00000000c4000000, 0x00000000eab00000)
  object space 65536K, 7% used [0x00000000c0000000,0x00000000c0482938,0x00000000c4000000)
 Metaspace       used 5723K, capacity 6832K, committed 7040K, reserved 1056768K
  class space    used 580K, capacity 616K, committed 640K, reserved 1048576K

Card table byte_map: [0x0000000012550000,0x0000000012760000] byte_map_base: 0x0000000011f50000

Marking Bits: (ParMarkBitMap*) 0x0000000063c4a6d0
 Begin Bits: [0x0000000012cc0000, 0x0000000013cc0000)
 End Bits:   [0x0000000013cc0000, 0x0000000014cc0000)

Polling page: 0x0000000001620000

CodeCache: size=245760Kb used=4415Kb max_used=4415Kb free=241344Kb
 bounds [0x0000000003190000, 0x00000000035f0000, 0x0000000012190000]
 total_blobs=1337 nmethods=1075 adapters=175
 compilation: enabled

Compilation events (10 events):
Event: 2.563 Thread 0x00000000170ef000 1082       1       com.android.dx.dex.code.RopTranslator::access$100 (5 bytes)
Event: 2.563 Thread 0x00000000170ef000 nmethod 1082 0x00000000035c47d0 code [0x00000000035c4920, 0x00000000035c4a10]
Event: 2.563 Thread 0x00000000170ef000 1086       2       com.android.dx.rop.code.BasicBlockList::forEachInsn (39 bytes)
Event: 2.564 Thread 0x00000000170ef000 nmethod 1086 0x00000000035c3f50 code [0x00000000035c40e0, 0x00000000035c4428]
Event: 2.579 Thread 0x00000000170ef000 1089       2       java.util.BitSet::nextSetBit (102 bytes)
Event: 2.579 Thread 0x00000000170ef000 nmethod 1089 0x00000000035c3410 code [0x00000000035c35e0, 0x00000000035c3b58]
Event: 2.580 Thread 0x00000000170ef000 1090 %     3       java.util.BitSet::nextSetBit @ 63 (102 bytes)
Event: 2.581 Thread 0x00000000170ef000 nmethod 1090% 0x00000000035c2050 code [0x00000000035c2280, 0x00000000035c2dd8]
Event: 2.581 Thread 0x00000000170ef000 1091       3       java.util.BitSet::nextSetBit (102 bytes)
Event: 2.582 Thread 0x00000000170ef000 nmethod 1091 0x00000000035e2310 code [0x00000000035e2520, 0x00000000035e2ff8]

GC Heap History (2 events):
Event: 2.497 GC heap before
{Heap before GC invocations=1 (full 0):
 PSYoungGen      total 28672K, used 24576K [0x00000000eab00000, 0x00000000ecb00000, 0x0000000100000000)
  eden space 24576K, 100% used [0x00000000eab00000,0x00000000ec300000,0x00000000ec300000)
  from space 4096K, 0% used [0x00000000ec700000,0x00000000ec700000,0x00000000ecb00000)
  to   space 4096K, 0% used [0x00000000ec300000,0x00000000ec300000,0x00000000ec700000)
 ParOldGen       total 65536K, used 0K [0x00000000c0000000, 0x00000000c4000000, 0x00000000eab00000)
  object space 65536K, 0% used [0x00000000c0000000,0x00000000c0000000,0x00000000c4000000)
 Metaspace       used 5711K, capacity 6832K, committed 7040K, reserved 1056768K
  class space    used 580K, capacity 616K, committed 640K, reserved 1048576K
Event: 2.512 GC heap after
Heap after GC invocations=1 (full 0):
 PSYoungGen      total 28672K, used 4088K [0x00000000eab00000, 0x00000000ecb00000, 0x0000000100000000)
  eden space 24576K, 0% used [0x00000000eab00000,0x00000000eab00000,0x00000000ec300000)
  from space 4096K, 99% used [0x00000000ec300000,0x00000000ec6fe330,0x00000000ec700000)
  to   space 4096K, 0% used [0x00000000ec700000,0x00000000ec700000,0x00000000ecb00000)
 ParOldGen       total 65536K, used 4618K [0x00000000c0000000, 0x00000000c4000000, 0x00000000eab00000)
  object space 65536K, 7% used [0x00000000c0000000,0x00000000c0482938,0x00000000c4000000)
 Metaspace       used 5711K, capacity 6832K, committed 7040K, reserved 1056768K
  class space    used 580K, capacity 616K, committed 640K, reserved 1048576K
}

Deoptimization events (10 events):
Event: 2.272 Thread 0x0000000017207000 Uncommon trap: reason=class_check action=maybe_recompile pc=0x000000000352dc70 method=com.android.dx.cf.code.BytecodeArray.parseInstruction(ILcom/android/dx/cf/code/BytecodeArray$Visitor;)I @ 1130
Event: 2.272 Thread 0x0000000017208000 Uncommon trap: reason=bimorphic action=maybe_recompile pc=0x000000000352db40 method=com.android.dx.cf.code.BytecodeArray.parseInstruction(ILcom/android/dx/cf/code/BytecodeArray$Visitor;)I @ 971
Event: 2.272 Thread 0x0000000017208000 Uncommon trap: reason=class_check action=maybe_recompile pc=0x000000000352dc70 method=com.android.dx.cf.code.BytecodeArray.parseInstruction(ILcom/android/dx/cf/code/BytecodeArray$Visitor;)I @ 1130
Event: 2.275 Thread 0x00000000171f4800 Uncommon trap: reason=bimorphic action=maybe_recompile pc=0x000000000352db40 method=com.android.dx.cf.code.BytecodeArray.parseInstruction(ILcom/android/dx/cf/code/BytecodeArray$Visitor;)I @ 971
Event: 2.276 Thread 0x00000000171f4800 Uncommon trap: reason=class_check action=maybe_recompile pc=0x000000000352dc70 method=com.android.dx.cf.code.BytecodeArray.parseInstruction(ILcom/android/dx/cf/code/BytecodeArray$Visitor;)I @ 1130
Event: 2.519 Thread 0x0000000017202000 Uncommon trap: reason=class_check action=maybe_recompile pc=0x0000000003436ea0 method=com.android.dx.rop.type.Type.equals(Ljava/lang/Object;)Z @ 8
Event: 2.519 Thread 0x0000000017202000 Uncommon trap: reason=class_check action=maybe_recompile pc=0x0000000003436ea0 method=com.android.dx.rop.type.Type.equals(Ljava/lang/Object;)Z @ 8
Event: 2.540 Thread 0x0000000017207000 Uncommon trap: reason=class_check action=maybe_recompile pc=0x00000000035d5548 method=com.android.dx.cf.code.BytecodeArray.parseInstruction(ILcom/android/dx/cf/code/BytecodeArray$Visitor;)I @ 1287
Event: 2.540 Thread 0x0000000017207000 Uncommon trap: reason=class_check action=maybe_recompile pc=0x00000000035d5548 method=com.android.dx.cf.code.BytecodeArray.parseInstruction(ILcom/android/dx/cf/code/BytecodeArray$Visitor;)I @ 1287
Event: 2.578 Thread 0x00000000171f4800 Uncommon trap: reason=unstable_if action=reinterpret pc=0x00000000033e1a70 method=java.util.BitSet.nextSetBit(I)I @ 87

Internal exceptions (2 events):
Event: 0.067 Thread 0x0000000002f8e000 Exception <a 'java/lang/NoSuchMethodError': Method sun.misc.Unsafe.defineClass(Ljava/lang/String;[BII)Ljava/lang/Class; name or signature does not match> (0x00000000eab07cc0) thrown at [C:\re\workspace\8-2-build-windows-amd64-cygwin\jdk8u101\7261\hotspot\sÃÅf*=±?
Event: 0.067 Thread 0x0000000002f8e000 Exception <a 'java/lang/NoSuchMethodError': Method sun.misc.Unsafe.prefetchRead(Ljava/lang/Object;J)V name or signature does not match> (0x00000000eab07fa8) thrown at [C:\re\workspace\8-2-build-windows-amd64-cygwin\jdk8u101\7261\hotspot\src\share\vm\prims\

Events (10 events):
Event: 2.519 Thread 0x0000000017202000 DEOPT UNPACKING pc=0x00000000031d582a sp=0x0000000017a9e218 mode 2
Event: 2.540 Thread 0x0000000017207000 Uncommon trap: trap_request=0xffffffde fr.pc=0x00000000035d5548
Event: 2.540 Thread 0x0000000017207000 DEOPT PACKING pc=0x00000000035d5548 sp=0x0000000017b9ec70
Event: 2.540 Thread 0x0000000017207000 DEOPT UNPACKING pc=0x00000000031d582a sp=0x0000000017b9ebd0 mode 2
Event: 2.540 Thread 0x0000000017207000 Uncommon trap: trap_request=0xffffffde fr.pc=0x00000000035d5548
Event: 2.540 Thread 0x0000000017207000 DEOPT PACKING pc=0x00000000035d5548 sp=0x0000000017b9ec70
Event: 2.540 Thread 0x0000000017207000 DEOPT UNPACKING pc=0x00000000031d582a sp=0x0000000017b9ebd0 mode 2
Event: 2.578 Thread 0x00000000171f4800 Uncommon trap: trap_request=0xffffff65 fr.pc=0x00000000033e1a70
Event: 2.578 Thread 0x00000000171f4800 DEOPT PACKING pc=0x00000000033e1a70 sp=0x000000001789ece0
Event: 2.578 Thread 0x00000000171f4800 DEOPT UNPACKING pc=0x00000000031d582a sp=0x000000001789ec78 mode 2


Dynamic libraries:
0x00007ff68b080000 - 0x00007ff68b0b7000 	C:\Program Files\Java\jdk1.8.0_101\bin\java.exe
0x00007ff81b8d0000 - 0x00007ff81baa1000 	C:\Windows\SYSTEM32\ntdll.dll
0x00007ff81b390000 - 0x00007ff81b43b000 	C:\Windows\System32\KERNEL32.DLL
0x00007ff817da0000 - 0x00007ff817fbd000 	C:\Windows\System32\KERNELBASE.dll
0x00007ff8193b0000 - 0x00007ff819452000 	C:\Windows\System32\ADVAPI32.dll
0x00007ff819460000 - 0x00007ff8194fe000 	C:\Windows\System32\msvcrt.dll
0x00007ff818e40000 - 0x00007ff818e99000 	C:\Windows\System32\sechost.dll
0x00007ff819280000 - 0x00007ff8193a1000 	C:\Windows\System32\RPCRT4.dll
0x00007ff81af60000 - 0x00007ff81b0c5000 	C:\Windows\System32\USER32.dll
0x00007ff818760000 - 0x00007ff81877e000 	C:\Windows\System32\win32u.dll
0x00007ff819500000 - 0x00007ff819534000 	C:\Windows\System32\GDI32.dll
0x00007ff818cb0000 - 0x00007ff818e32000 	C:\Windows\System32\gdi32full.dll
0x00007ff80d9e0000 - 0x00007ff80dc5a000 	C:\Windows\WinSxS\amd64_microsoft.windows.common-controls_6595b64144ccf1df_6.0.14393.953_none_42151e83c686086b\COMCTL32.dll
0x00007ff81b5a0000 - 0x00007ff81b868000 	C:\Windows\System32\combase.dll
0x00007ff8188d0000 - 0x00007ff8189c5000 	C:\Windows\System32\ucrtbase.dll
0x00007ff8186f0000 - 0x00007ff81875a000 	C:\Windows\System32\bcryptPrimitives.dll
0x00007ff818fe0000 - 0x00007ff81900e000 	C:\Windows\System32\IMM32.DLL
0x0000000063cd0000 - 0x0000000063da2000 	C:\Program Files\Java\jdk1.8.0_101\jre\bin\msvcr100.dll
0x0000000063430000 - 0x0000000063cca000 	C:\Program Files\Java\jdk1.8.0_101\jre\bin\server\jvm.dll
0x00007ff819a40000 - 0x00007ff819a48000 	C:\Windows\System32\PSAPI.DLL
0x00007ff815f20000 - 0x00007ff815f43000 	C:\Windows\SYSTEM32\WINMM.dll
0x00007ff8139d0000 - 0x00007ff8139da000 	C:\Windows\SYSTEM32\VERSION.dll
0x00007ff808430000 - 0x00007ff808439000 	C:\Windows\SYSTEM32\WSOCK32.dll
0x00007ff815cb0000 - 0x00007ff815cdb000 	C:\Windows\SYSTEM32\WINMMBASE.dll
0x00007ff819030000 - 0x00007ff81909a000 	C:\Windows\System32\WS2_32.dll
0x00007ff8186a0000 - 0x00007ff8186e2000 	C:\Windows\System32\cfgmgr32.dll
0x0000000063420000 - 0x000000006342f000 	C:\Program Files\Java\jdk1.8.0_101\jre\bin\verify.dll
0x00000000633f0000 - 0x0000000063419000 	C:\Program Files\Java\jdk1.8.0_101\jre\bin\java.dll
0x00000000633d0000 - 0x00000000633e6000 	C:\Program Files\Java\jdk1.8.0_101\jre\bin\zip.dll
0x00007ff819a50000 - 0x00007ff81af58000 	C:\Windows\System32\SHELL32.dll
0x00007ff817fc0000 - 0x00007ff81869a000 	C:\Windows\System32\windows.storage.dll
0x00007ff817d30000 - 0x00007ff817d7c000 	C:\Windows\System32\powrprof.dll
0x00007ff819540000 - 0x00007ff819592000 	C:\Windows\System32\shlwapi.dll
0x00007ff817d20000 - 0x00007ff817d2f000 	C:\Windows\System32\kernel.appcore.dll
0x00007ff818780000 - 0x00007ff818829000 	C:\Windows\System32\shcore.dll
0x00007ff817d80000 - 0x00007ff817d94000 	C:\Windows\System32\profapi.dll

VM Arguments:
jvm_args: -Djava.awt.headless=true -Xmx1024M -Dfile.encoding=windows-1255 -Duser.country=US -Duser.language=en -Duser.variant 
java_command: com.android.dx.command.Main --dex --force-jumbo --num-threads=4 --multi-dex --output D:\Android\Projects\LearningAndroid\ud839_Miwok\app\build\intermediates\transforms\dex\debug\folders\1000\5\slice_7 D:\Android\Projects\LearningAndroid\ud839_Miwok\app\build\intermediates\transforms\instantRunSlicer\debug\folders\1\5\slice_7
java_class_path (initial): D:\Android\build-tools\25.0.0\lib\dx.jar
Launcher Type: SUN_STANDARD

Environment Variables:
JAVA_HOME=C:\Program Files\Java\jdk1.8.0_102
PATH=C:\ProgramData\Oracle\Java\javapath;C:\WINDOWS\system32;C:\WINDOWS;C:\WINDOWS\System32\Wbem;C:\WINDOWS\System32\WindowsPowerShell\v1.0\;C:\Program Files\Intel\WiFi\bin\;C:\Program Files\Common Files\Intel\WirelessCommon\;C:\Program Files (x86)\Skype\Phone\;C:\Program Files (x86)\NVIDIA Corporation\PhysX\Common;C:\Program Files\Microsoft SQL Server\120\Tools\Binn\;C:\Program Files\Microsoft SQL Server\130\Tools\Binn\;C:\Program Files (x86)\Intel\OpenCL SDK\2.0\bin\x86;C:\Program Files (x86)\Intel\OpenCL SDK\2.0\bin\x64;C:\Program Files\Microsoft\Web Platform Installer\;C:\Program Files\dotnet\;C:\Windows\system32;C:\Windows;C:\Windows\System32\Wbem;C:\Windows\System32\WindowsPowerShell\v1.0\;C:\Program Files\Java\jdk1.8.0_102\bin;C:\maven\apache-maven-3.3.9\bin;C:\mysql-connector-java-5.1.40\mysql-5.7.16-winx64\bin;C:\Python27;C:\Program Files\Git\cmd;D:\Android\tools;D:\Android\platform-tools;C:\Users\Rami LT\.dnx\bin;C:\Program Files\Intel\WiFi\bin\;C:\Program Files\Common Files\Intel\WirelessCommon\;C:\Users\Rami LT\AppData\Local\Microsoft\WindowsApps;C:\Program Files (x86)\Notepad++
USERNAME=Rami LT
OS=Windows_NT
PROCESSOR_IDENTIFIER=Intel64 Family 6 Model 42 Stepping 7, GenuineIntel



---------------  S Y S T E M  ---------------

OS: Windows 10.0 , 64 bit Build 14393 (10.0.14393.0)

CPU:total 4 (2 cores per cpu, 2 threads per core) family 6 model 42 stepping 7, cmov, cx8, fxsr, mmx, sse, sse2, sse3, ssse3, sse4.1, sse4.2, popcnt, avx, aes, clmul, ht, tsc, tscinvbit

Memory: 4k page, physical 6196396k(895416k free), swap 7888044k(5296k free)

vm_info: Java HotSpot(TM) 64-Bit Server VM (25.101-b13) for windows-amd64 JRE (1.8.0_101-b13), built on Jun 22 2016 01:21:29 by "java_re" with MS VC++ 10.0 (VS2010)

time: Sat Apr 29 10:09:47 2017
elapsed time: 2 seconds (0d 0h 0m 2s)

