#
# There is insufficient memory for the Java Runtime Environment to continue.
# Native memory allocation (malloc) failed to allocate 65552 bytes for Chunk::new
# Possible reasons:
#   The system is out of physical RAM or swap space
#   In 32 bit mode, the process size limit was hit
# Possible solutions:
#   Reduce memory load on the system
#   Increase physical memory or swap space
#   Check if swap backing store is full
#   Use 64 bit Java on a 64 bit OS
#   Decrease Java heap size (-Xmx/-Xms)
#   Decrease number of Java threads
#   Decrease Java thread stack sizes (-Xss)
#   Set larger code cache with -XX:ReservedCodeCacheSize=
# This output file may be truncated or incomplete.
#
#  Out of Memory Error (allocation.cpp:390), pid=996, tid=0x0000000000000df0
#
# JRE version: Java(TM) SE Runtime Environment (8.0_101-b13) (build 1.8.0_101-b13)
# Java VM: Java HotSpot(TM) 64-Bit Server VM (25.101-b13 mixed mode windows-amd64 compressed oops)
# Failed to write core dump. Minidumps are not enabled by default on client versions of Windows
#

---------------  T H R E A D  ---------------

Current thread (0x0000000014e6b800):  JavaThread "C2 CompilerThread0" daemon [_thread_in_native, id=3568, stack(0x0000000016480000,0x0000000016580000)]

Stack: [0x0000000016480000,0x0000000016580000]
[error occurred during error reporting (printing stack bounds), id 0xc0000005]

Native frames: (J=compiled Java code, j=interpreted, Vv=VM code, C=native code)


Current CompileTask:
C2:    733  206   !   4       com.android.dx.cf.cst.ConstantPoolParser::parse0 (731 bytes)


---------------  P R O C E S S  ---------------

Java Threads: ( => current thread )
  0x00000000167f2800 JavaThread "pool-2-thread-4" [_thread_new, id=6936, stack(0x0000000000000000,0x0000000000000000)]
  0x0000000016755800 JavaThread "pool-2-thread-3" [_thread_new, id=10544, stack(0x0000000000000000,0x0000000000000000)]
  0x000000001673d000 JavaThread "pool-2-thread-2" [_thread_new, id=4644, stack(0x0000000000000000,0x0000000000000000)]
  0x0000000016738000 JavaThread "pool-3-thread-1" [_thread_new, id=10588, stack(0x0000000000000000,0x0000000000000000)]
  0x0000000016737000 JavaThread "pool-2-thread-1" [_thread_in_vm, id=5476, stack(0x0000000016d80000,0x0000000016e80000)]
  0x00000000165d2800 JavaThread "Service Thread" daemon [_thread_blocked, id=796, stack(0x0000000016b80000,0x0000000016c80000)]
  0x00000000165cd800 JavaThread "C1 CompilerThread2" daemon [_thread_blocked, id=7528, stack(0x0000000016a80000,0x0000000016b80000)]
  0x00000000165ca000 JavaThread "C2 CompilerThread1" daemon [_thread_blocked, id=2288, stack(0x0000000016980000,0x0000000016a80000)]
=>0x0000000014e6b800 JavaThread "C2 CompilerThread0" daemon [_thread_in_native, id=3568, stack(0x0000000016480000,0x0000000016580000)]
  0x0000000014e69800 JavaThread "Attach Listener" daemon [_thread_blocked, id=8544, stack(0x0000000016380000,0x0000000016480000)]
  0x0000000014e68800 JavaThread "Signal Dispatcher" daemon [_thread_blocked, id=9044, stack(0x0000000016280000,0x0000000016380000)]
  0x0000000014e0a800 JavaThread "Finalizer" daemon [_thread_blocked, id=8988, stack(0x0000000016090000,0x0000000016190000)]
  0x0000000002740000 JavaThread "Reference Handler" daemon [_thread_blocked, id=6308, stack(0x0000000015f90000,0x0000000016090000)]
  0x000000000254e000 JavaThread "main" [_thread_in_Java, id=1948, stack(0x0000000002550000,0x0000000002650000)]

Other Threads:
  0x0000000014de7000 VMThread [stack: 0x0000000015e90000,0x0000000015f90000] [id=480]
  0x000000001661c000 WatcherThread [stack: 0x0000000016c80000,0x0000000016d80000] [id=8924]

VM state:not at safepoint (normal execution)

VM Mutex/Monitor currently owned by a thread: None

Heap:
 PSYoungGen      total 28672K, used 4928K [0x00000000eab00000, 0x00000000ecb00000, 0x0000000100000000)
  eden space 24576K, 20% used [0x00000000eab00000,0x00000000eafd02f8,0x00000000ec300000)
  from space 4096K, 0% used [0x00000000ec700000,0x00000000ec700000,0x00000000ecb00000)
  to   space 4096K, 0% used [0x00000000ec300000,0x00000000ec300000,0x00000000ec700000)
 ParOldGen       total 65536K, used 0K [0x00000000c0000000, 0x00000000c4000000, 0x00000000eab00000)
  object space 65536K, 0% used [0x00000000c0000000,0x00000000c0000000,0x00000000c4000000)
 Metaspace       used 3956K, capacity 5232K, committed 5376K, reserved 1056768K
  class space    used 445K, capacity 488K, committed 512K, reserved 1048576K

Card table byte_map: [0x0000000011b10000,0x0000000011d20000] byte_map_base: 0x0000000011510000

Marking Bits: (ParMarkBitMap*) 0x0000000063c4a6d0
 Begin Bits: [0x0000000012280000, 0x0000000013280000)
 End Bits:   [0x0000000013280000, 0x0000000014280000)

Polling page: 0x00000000007f0000

CodeCache: size=245760Kb used=1548Kb max_used=1558Kb free=244211Kb
 bounds [0x0000000002750000, 0x00000000029c0000, 0x0000000011750000]
 total_blobs=471 nmethods=219 adapters=165
 compilation: enabled

Compilation events (10 events):
Event: 0.682 Thread 0x00000000165ca000  215       4       java.lang.String::lastIndexOf (52 bytes)
Event: 0.685 Thread 0x00000000165ca000 nmethod 215 0x00000000028cde10 code [0x00000000028cdf40, 0x00000000028ce098]
Event: 0.685 Thread 0x00000000165ca000  217       4       java.util.Arrays::copyOfRange (63 bytes)
Event: 0.685 Thread 0x00000000165cd800  218       3       java.lang.String::toCharArray (25 bytes)
Event: 0.685 Thread 0x00000000165cd800 nmethod 218 0x00000000028d10d0 code [0x00000000028d1240, 0x00000000028d14c8]
Event: 0.686 Thread 0x00000000165cd800  219       3       java.util.jar.Attributes$Name::hashCode (24 bytes)
Event: 0.687 Thread 0x00000000165cd800 nmethod 219 0x00000000028d0c50 code [0x00000000028d0dc0, 0x00000000028d0f88]
Event: 0.688 Thread 0x00000000165ca000 nmethod 217 0x00000000028d6010 code [0x00000000028d6160, 0x00000000028d6358]
Event: 0.690 Thread 0x00000000165cd800  220       3       java.util.jar.Attributes::getValue (9 bytes)
Event: 0.690 Thread 0x00000000165cd800 nmethod 220 0x00000000028d5a10 code [0x00000000028d5b80, 0x00000000028d5ee8]

GC Heap History (0 events):
No events

Deoptimization events (0 events):
No events

Internal exceptions (2 events):
Event: 0.058 Thread 0x000000000254e000 Exception <a 'java/lang/NoSuchMethodError': Method sun.misc.Unsafe.defineClass(Ljava/lang/String;[BII)Ljava/lang/Class; name or signature does not match> (0x00000000eab07cc0) thrown at [C:\re\workspace\8-2-build-windows-amd64-cygwin\jdk8u101\7261\hotspot\sæñ5Õ­?
Event: 0.058 Thread 0x000000000254e000 Exception <a 'java/lang/NoSuchMethodError': Method sun.misc.Unsafe.prefetchRead(Ljava/lang/Object;J)V name or signature does not match> (0x00000000eab07fa8) thrown at [C:\re\workspace\8-2-build-windows-amd64-cygwin\jdk8u101\7261\hotspot\src\share\vm\prims\

Events (10 events):
Event: 0.688 loading class com/android/dx/rop/cst/CstAnnotation
Event: 0.688 loading class com/android/dx/rop/cst/CstAnnotation done
Event: 0.690 loading class com/android/dx/rop/cst/CstArray$List
Event: 0.690 loading class com/android/dx/rop/cst/CstArray$List done
Event: 0.692 loading class com/android/dx/rop/annotation/Annotation
Event: 0.693 loading class com/android/dx/rop/annotation/Annotation done
Event: 0.694 loading class com/android/dx/rop/annotation/AnnotationVisibility
Event: 0.694 loading class com/android/dx/rop/annotation/AnnotationVisibility done
Event: 0.695 loading class com/android/dx/rop/annotation/NameValuePair
Event: 0.695 loading class com/android/dx/rop/annotation/NameValuePair done


Dynamic libraries:
0x00007ff68b080000 - 0x00007ff68b0b7000 	C:\Program Files\Java\jdk1.8.0_101\bin\java.exe
0x00007ff81b8d0000 - 0x00007ff81baa1000 	C:\Windows\SYSTEM32\ntdll.dll
0x00007ff81b390000 - 0x00007ff81b43b000 	C:\Windows\System32\KERNEL32.DLL
0x00007ff817da0000 - 0x00007ff817fbd000 	C:\Windows\System32\KERNELBASE.dll
0x00007ff8193b0000 - 0x00007ff819452000 	C:\Windows\System32\ADVAPI32.dll
0x00007ff819460000 - 0x00007ff8194fe000 	C:\Windows\System32\msvcrt.dll
0x00007ff818e40000 - 0x00007ff818e99000 	C:\Windows\System32\sechost.dll
0x00007ff819280000 - 0x00007ff8193a1000 	C:\Windows\System32\RPCRT4.dll
0x00007ff81af60000 - 0x00007ff81b0c5000 	C:\Windows\System32\USER32.dll
0x00007ff818760000 - 0x00007ff81877e000 	C:\Windows\System32\win32u.dll
0x00007ff819500000 - 0x00007ff819534000 	C:\Windows\System32\GDI32.dll
0x00007ff818cb0000 - 0x00007ff818e32000 	C:\Windows\System32\gdi32full.dll
0x00007ff80d9e0000 - 0x00007ff80dc5a000 	C:\Windows\WinSxS\amd64_microsoft.windows.common-controls_6595b64144ccf1df_6.0.14393.953_none_42151e83c686086b\COMCTL32.dll
0x00007ff81b5a0000 - 0x00007ff81b868000 	C:\Windows\System32\combase.dll
0x00007ff8188d0000 - 0x00007ff8189c5000 	C:\Windows\System32\ucrtbase.dll
0x00007ff8186f0000 - 0x00007ff81875a000 	C:\Windows\System32\bcryptPrimitives.dll
0x00007ff818fe0000 - 0x00007ff81900e000 	C:\Windows\System32\IMM32.DLL
0x0000000063cd0000 - 0x0000000063da2000 	C:\Program Files\Java\jdk1.8.0_101\jre\bin\msvcr100.dll
0x0000000063430000 - 0x0000000063cca000 	C:\Program Files\Java\jdk1.8.0_101\jre\bin\server\jvm.dll
0x00007ff819a40000 - 0x00007ff819a48000 	C:\Windows\System32\PSAPI.DLL
0x00007ff808430000 - 0x00007ff808439000 	C:\Windows\SYSTEM32\WSOCK32.dll
0x00007ff815f20000 - 0x00007ff815f43000 	C:\Windows\SYSTEM32\WINMM.dll
0x00007ff8139d0000 - 0x00007ff8139da000 	C:\Windows\SYSTEM32\VERSION.dll
0x00007ff819030000 - 0x00007ff81909a000 	C:\Windows\System32\WS2_32.dll
0x00007ff815cb0000 - 0x00007ff815cdb000 	C:\Windows\SYSTEM32\winmmbase.dll
0x00007ff8186a0000 - 0x00007ff8186e2000 	C:\Windows\System32\cfgmgr32.dll
0x0000000063420000 - 0x000000006342f000 	C:\Program Files\Java\jdk1.8.0_101\jre\bin\verify.dll
0x00000000633f0000 - 0x0000000063419000 	C:\Program Files\Java\jdk1.8.0_101\jre\bin\java.dll
0x00000000633d0000 - 0x00000000633e6000 	C:\Program Files\Java\jdk1.8.0_101\jre\bin\zip.dll
0x00007ff819a50000 - 0x00007ff81af58000 	C:\Windows\System32\SHELL32.dll
0x00007ff817fc0000 - 0x00007ff81869a000 	C:\Windows\System32\windows.storage.dll
0x00007ff817d30000 - 0x00007ff817d7c000 	C:\Windows\System32\powrprof.dll
0x00007ff819540000 - 0x00007ff819592000 	C:\Windows\System32\shlwapi.dll
0x00007ff817d20000 - 0x00007ff817d2f000 	C:\Windows\System32\kernel.appcore.dll
0x00007ff818780000 - 0x00007ff818829000 	C:\Windows\System32\shcore.dll
0x00007ff817d80000 - 0x00007ff817d94000 	C:\Windows\System32\profapi.dll

VM Arguments:
jvm_args: -Djava.awt.headless=true -Xmx1024M -Dfile.encoding=windows-1255 -Duser.country=US -Duser.language=en -Duser.variant 
java_command: com.android.dx.command.Main --dex --force-jumbo --num-threads=4 --multi-dex --output D:\Android\Projects\LearningAndroid\ud839_Miwok\app\build\intermediates\transforms\dex\debug\folders\1000\5\slice_7 D:\Android\Projects\LearningAndroid\ud839_Miwok\app\build\intermediates\transforms\instantRunSlicer\debug\folders\1\5\slice_7
java_class_path (initial): D:\Android\build-tools\25.0.0\lib\dx.jar
Launcher Type: SUN_STANDARD

Environment Variables:
JAVA_HOME=C:\Program Files\Java\jdk1.8.0_102
PATH=C:\ProgramData\Oracle\Java\javapath;C:\WINDOWS\system32;C:\WINDOWS;C:\WINDOWS\System32\Wbem;C:\WINDOWS\System32\WindowsPowerShell\v1.0\;C:\Program Files\Intel\WiFi\bin\;C:\Program Files\Common Files\Intel\WirelessCommon\;C:\Program Files (x86)\Skype\Phone\;C:\Program Files (x86)\NVIDIA Corporation\PhysX\Common;C:\Program Files\Microsoft SQL Server\120\Tools\Binn\;C:\Program Files\Microsoft SQL Server\130\Tools\Binn\;C:\Program Files (x86)\Intel\OpenCL SDK\2.0\bin\x86;C:\Program Files (x86)\Intel\OpenCL SDK\2.0\bin\x64;C:\Program Files\Microsoft\Web Platform Installer\;C:\Program Files\dotnet\;C:\Windows\system32;C:\Windows;C:\Windows\System32\Wbem;C:\Windows\System32\WindowsPowerShell\v1.0\;C:\Program Files\Java\jdk1.8.0_102\bin;C:\maven\apache-maven-3.3.9\bin;C:\mysql-connector-java-5.1.40\mysql-5.7.16-winx64\bin;C:\Python27;C:\Program Files\Git\cmd;D:\Android\tools;D:\Android\platform-tools;C:\Users\Rami LT\.dnx\bin;C:\Program Files\Intel\WiFi\bin\;C:\Program Files\Common Files\Intel\WirelessCommon\;C:\Users\Rami LT\AppData\Local\Microsoft\WindowsApps;C:\Program Files (x86)\Notepad++
USERNAME=Rami LT
OS=Windows_NT
PROCESSOR_IDENTIFIER=Intel64 Family 6 Model 42 Stepping 7, GenuineIntel



---------------  S Y S T E M  ---------------

OS: Windows 10.0 , 64 bit Build 14393 (10.0.14393.0)

CPU:total 4 (2 cores per cpu, 2 threads per core) family 6 model 42 stepping 7, cmov, cx8, fxsr, mmx, sse, sse2, sse3, ssse3, sse4.1, sse4.2, popcnt, avx, aes, clmul, ht, tsc, tscinvbit

Memory: 4k page, physical 6196396k(1020120k free), swap 7888044k(5136k free)

vm_info: Java HotSpot(TM) 64-Bit Server VM (25.101-b13) for windows-amd64 JRE (1.8.0_101-b13), built on Jun 22 2016 01:21:29 by "java_re" with MS VC++ 10.0 (VS2010)

time: Sat Apr 29 10:26:02 2017
elapsed time: 0 seconds (0d 0h 0m 0s)

