#
# There is insufficient memory for the Java Runtime Environment to continue.
# Native memory allocation (malloc) failed to allocate 245296 bytes for Chunk::new
# Possible reasons:
#   The system is out of physical RAM or swap space
#   In 32 bit mode, the process size limit was hit
# Possible solutions:
#   Reduce memory load on the system
#   Increase physical memory or swap space
#   Check if swap backing store is full
#   Use 64 bit Java on a 64 bit OS
#   Decrease Java heap size (-Xmx/-Xms)
#   Decrease number of Java threads
#   Decrease Java thread stack sizes (-Xss)
#   Set larger code cache with -XX:ReservedCodeCacheSize=
# This output file may be truncated or incomplete.
#
#  Out of Memory Error (allocation.cpp:390), pid=1712, tid=0x00000000000008d4
#
# JRE version: Java(TM) SE Runtime Environment (8.0_101-b13) (build 1.8.0_101-b13)
# Java VM: Java HotSpot(TM) 64-Bit Server VM (25.101-b13 mixed mode windows-amd64 compressed oops)
# Failed to write core dump. Minidumps are not enabled by default on client versions of Windows
#

---------------  T H R E A D  ---------------

Current thread (0x00000000158b9800):  JavaThread "C2 CompilerThread1" daemon [_thread_in_native, id=2260, stack(0x0000000017000000,0x0000000017100000)]

Stack: [0x0000000017000000,0x0000000017100000]
[error occurred during error reporting (printing stack bounds), id 0xc0000005]

Native frames: (J=compiled Java code, j=interpreted, Vv=VM code, C=native code)


Current CompileTask:
C2:   1413  992   !   4       com.android.dx.cf.code.BytecodeArray::parseInstruction (2764 bytes)


---------------  P R O C E S S  ---------------

Java Threads: ( => current thread )
  0x0000000017371000 JavaThread "pool-2-thread-4" [_thread_in_Java, id=12200, stack(0x0000000017c00000,0x0000000017d00000)]
  0x00000000172e0000 JavaThread "pool-2-thread-3" [_thread_in_vm, id=5556, stack(0x0000000017b00000,0x0000000017c00000)]
  0x00000000172be000 JavaThread "pool-2-thread-2" [_thread_in_Java, id=4468, stack(0x0000000017a00000,0x0000000017b00000)]
  0x00000000172bd800 JavaThread "pool-3-thread-1" [_thread_blocked, id=1848, stack(0x0000000017900000,0x0000000017a00000)]
  0x00000000172c7800 JavaThread "pool-2-thread-1" [_thread_in_Java, id=8736, stack(0x0000000017800000,0x0000000017900000)]
  0x0000000017152800 JavaThread "Service Thread" daemon [_thread_blocked, id=6720, stack(0x0000000017600000,0x0000000017700000)]
  0x000000001714a000 JavaThread "C1 CompilerThread2" daemon [_thread_blocked, id=4868, stack(0x0000000017500000,0x0000000017600000)]
=>0x00000000158b9800 JavaThread "C2 CompilerThread1" daemon [_thread_in_native, id=2260, stack(0x0000000017000000,0x0000000017100000)]
  0x00000000158b6800 JavaThread "C2 CompilerThread0" daemon [_thread_in_native, id=7072, stack(0x0000000016f00000,0x0000000017000000)]
  0x0000000015903800 JavaThread "Attach Listener" daemon [_thread_blocked, id=856, stack(0x0000000016e00000,0x0000000016f00000)]
  0x0000000015902800 JavaThread "Signal Dispatcher" daemon [_thread_blocked, id=7496, stack(0x0000000016d00000,0x0000000016e00000)]
  0x000000001589a000 JavaThread "Finalizer" daemon [_thread_blocked, id=9824, stack(0x0000000016b10000,0x0000000016c10000)]
  0x00000000031d0000 JavaThread "Reference Handler" daemon [_thread_blocked, id=12012, stack(0x0000000016a10000,0x0000000016b10000)]
  0x0000000002e6e000 JavaThread "main" [_thread_in_Java, id=7840, stack(0x0000000002fe0000,0x00000000030e0000)]

Other Threads:
  0x0000000015877000 VMThread [stack: 0x0000000016910000,0x0000000016a10000] [id=9172]
  0x000000001719b000 WatcherThread [stack: 0x0000000017700000,0x0000000017800000] [id=10712]

VM state:not at safepoint (normal execution)

VM Mutex/Monitor currently owned by a thread: None

Heap:
 PSYoungGen      total 28672K, used 9816K [0x00000000eab00000, 0x00000000ee300000, 0x0000000100000000)
  eden space 24576K, 23% used [0x00000000eab00000,0x00000000eb096210,0x00000000ec300000)
  from space 4096K, 99% used [0x00000000ec300000,0x00000000ec6ffec8,0x00000000ec700000)
  to   space 4096K, 0% used [0x00000000edf00000,0x00000000edf00000,0x00000000ee300000)
 ParOldGen       total 65536K, used 4890K [0x00000000c0000000, 0x00000000c4000000, 0x00000000eab00000)
  object space 65536K, 7% used [0x00000000c0000000,0x00000000c04c6a38,0x00000000c4000000)
 Metaspace       used 5735K, capacity 6832K, committed 7040K, reserved 1056768K
  class space    used 580K, capacity 616K, committed 640K, reserved 1048576K

Card table byte_map: [0x00000000125a0000,0x00000000127b0000] byte_map_base: 0x0000000011fa0000

Marking Bits: (ParMarkBitMap*) 0x0000000063c4a6d0
 Begin Bits: [0x0000000012d10000, 0x0000000013d10000)
 End Bits:   [0x0000000013d10000, 0x0000000014d10000)

Polling page: 0x0000000002e10000

CodeCache: size=245760Kb used=4353Kb max_used=4353Kb free=241406Kb
 bounds [0x00000000031e0000, 0x0000000003630000, 0x00000000121e0000]
 total_blobs=1315 nmethods=1053 adapters=175
 compilation: enabled

Compilation events (10 events):
Event: 1.390 Thread 0x000000001714a000 1058       1       com.android.dx.rop.code.PlainInsn::getCatches (4 bytes)
Event: 1.390 Thread 0x000000001714a000 nmethod 1058 0x0000000003621a10 code [0x0000000003621b60, 0x0000000003621c70]
Event: 1.390 Thread 0x000000001714a000 1059  s    3       com.android.dx.dex.file.MethodIdsSection::intern (55 bytes)
Event: 1.391 Thread 0x000000001714a000 nmethod 1059 0x0000000003621cd0 code [0x0000000003621f00, 0x0000000003622c28]
Event: 1.391 Thread 0x000000001714a000 1060       3       com.android.dx.cf.code.ConcreteMethod::getMaxStack (8 bytes)
Event: 1.392 Thread 0x000000001714a000 nmethod 1060 0x0000000003623350 code [0x00000000036234a0, 0x0000000003623690]
Event: 1.392 Thread 0x000000001714a000 1061       3       com.android.dx.rop.code.LocalItem::hashCode (41 bytes)
Event: 1.392 Thread 0x000000001714a000 nmethod 1061 0x0000000003623750 code [0x00000000036238e0, 0x0000000003623e38]
Event: 1.392 Thread 0x000000001714a000 1062       3       com.android.dx.rop.cst.TypedConstant::getBasicType (8 bytes)
Event: 1.392 Thread 0x000000001714a000 nmethod 1062 0x0000000003624010 code [0x0000000003624180, 0x0000000003624428]

GC Heap History (2 events):
Event: 1.301 GC heap before
{Heap before GC invocations=1 (full 0):
 PSYoungGen      total 28672K, used 24576K [0x00000000eab00000, 0x00000000ecb00000, 0x0000000100000000)
  eden space 24576K, 100% used [0x00000000eab00000,0x00000000ec300000,0x00000000ec300000)
  from space 4096K, 0% used [0x00000000ec700000,0x00000000ec700000,0x00000000ecb00000)
  to   space 4096K, 0% used [0x00000000ec300000,0x00000000ec300000,0x00000000ec700000)
 ParOldGen       total 65536K, used 0K [0x00000000c0000000, 0x00000000c4000000, 0x00000000eab00000)
  object space 65536K, 0% used [0x00000000c0000000,0x00000000c0000000,0x00000000c4000000)
 Metaspace       used 5708K, capacity 6832K, committed 7040K, reserved 1056768K
  class space    used 580K, capacity 616K, committed 640K, reserved 1048576K
Event: 1.315 GC heap after
Heap after GC invocations=1 (full 0):
 PSYoungGen      total 28672K, used 4095K [0x00000000eab00000, 0x00000000ee300000, 0x0000000100000000)
  eden space 24576K, 0% used [0x00000000eab00000,0x00000000eab00000,0x00000000ec300000)
  from space 4096K, 99% used [0x00000000ec300000,0x00000000ec6ffec8,0x00000000ec700000)
  to   space 4096K, 0% used [0x00000000edf00000,0x00000000edf00000,0x00000000ee300000)
 ParOldGen       total 65536K, used 4890K [0x00000000c0000000, 0x00000000c4000000, 0x00000000eab00000)
  object space 65536K, 7% used [0x00000000c0000000,0x00000000c04c6a38,0x00000000c4000000)
 Metaspace       used 5708K, capacity 6832K, committed 7040K, reserved 1056768K
  class space    used 580K, capacity 616K, committed 640K, reserved 1048576K
}

Deoptimization events (6 events):
Event: 0.755 Thread 0x00000000172e0000 Uncommon trap: reason=unstable_if action=reinterpret pc=0x00000000033b27f0 method=java.util.HashMap.getNode(ILjava/lang/Object;)Ljava/util/HashMap$Node; @ 62
Event: 0.958 Thread 0x00000000172e0000 Uncommon trap: reason=unstable_if action=reinterpret pc=0x000000000343b608 method=com.android.dx.rop.code.RegisterSpec.equals(ILcom/android/dx/rop/type/TypeBearer;Lcom/android/dx/rop/code/LocalItem;)Z @ 16
Event: 1.255 Thread 0x0000000002e6e000 Uncommon trap: reason=class_check action=maybe_recompile pc=0x00000000035d1388 method=com.android.dx.cf.code.BytecodeArray.parseInstruction(ILcom/android/dx/cf/code/BytecodeArray$Visitor;)I @ 1287
Event: 1.262 Thread 0x0000000002e6e000 Uncommon trap: reason=class_check action=maybe_recompile pc=0x00000000035d1388 method=com.android.dx.cf.code.BytecodeArray.parseInstruction(ILcom/android/dx/cf/code/BytecodeArray$Visitor;)I @ 1287
Event: 1.262 Thread 0x0000000002e6e000 Uncommon trap: reason=class_check action=maybe_recompile pc=0x00000000035d1388 method=com.android.dx.cf.code.BytecodeArray.parseInstruction(ILcom/android/dx/cf/code/BytecodeArray$Visitor;)I @ 1287
Event: 1.270 Thread 0x0000000002e6e000 Uncommon trap: reason=class_check action=maybe_recompile pc=0x00000000035d1388 method=com.android.dx.cf.code.BytecodeArray.parseInstruction(ILcom/android/dx/cf/code/BytecodeArray$Visitor;)I @ 1287

Internal exceptions (2 events):
Event: 0.058 Thread 0x0000000002e6e000 Exception <a 'java/lang/NoSuchMethodError': Method sun.misc.Unsafe.defineClass(Ljava/lang/String;[BII)Ljava/lang/Class; name or signature does not match> (0x00000000eab07cc0) thrown at [C:\re\workspace\8-2-build-windows-amd64-cygwin\jdk8u101\7261\hotspot\syCêâ«≠?
Event: 0.058 Thread 0x0000000002e6e000 Exception <a 'java/lang/NoSuchMethodError': Method sun.misc.Unsafe.prefetchRead(Ljava/lang/Object;J)V name or signature does not match> (0x00000000eab07fa8) thrown at [C:\re\workspace\8-2-build-windows-amd64-cygwin\jdk8u101\7261\hotspot\src\share\vm\prims\

Events (10 events):
Event: 1.262 Thread 0x0000000002e6e000 DEOPT PACKING pc=0x00000000035d1388 sp=0x00000000030de020
Event: 1.262 Thread 0x0000000002e6e000 DEOPT UNPACKING pc=0x000000000322582a sp=0x00000000030ddf80 mode 2
Event: 1.262 Thread 0x0000000002e6e000 Uncommon trap: trap_request=0xffffffde fr.pc=0x00000000035d1388
Event: 1.262 Thread 0x0000000002e6e000 DEOPT PACKING pc=0x00000000035d1388 sp=0x00000000030de020
Event: 1.262 Thread 0x0000000002e6e000 DEOPT UNPACKING pc=0x000000000322582a sp=0x00000000030ddf80 mode 2
Event: 1.270 Thread 0x0000000002e6e000 Uncommon trap: trap_request=0xffffffde fr.pc=0x00000000035d1388
Event: 1.270 Thread 0x0000000002e6e000 DEOPT PACKING pc=0x00000000035d1388 sp=0x00000000030de020
Event: 1.270 Thread 0x0000000002e6e000 DEOPT UNPACKING pc=0x000000000322582a sp=0x00000000030ddf80 mode 2
Event: 1.300 Executing VM operation: ParallelGCFailedAllocation
Event: 1.315 Executing VM operation: ParallelGCFailedAllocation done


Dynamic libraries:
0x00007ff68b080000 - 0x00007ff68b0b7000 	C:\Program Files\Java\jdk1.8.0_101\bin\java.exe
0x00007ff81b8d0000 - 0x00007ff81baa1000 	C:\Windows\SYSTEM32\ntdll.dll
0x00007ff81b390000 - 0x00007ff81b43b000 	C:\Windows\System32\KERNEL32.DLL
0x00007ff817da0000 - 0x00007ff817fbd000 	C:\Windows\System32\KERNELBASE.dll
0x00007ff8193b0000 - 0x00007ff819452000 	C:\Windows\System32\ADVAPI32.dll
0x00007ff819460000 - 0x00007ff8194fe000 	C:\Windows\System32\msvcrt.dll
0x00007ff818e40000 - 0x00007ff818e99000 	C:\Windows\System32\sechost.dll
0x00007ff819280000 - 0x00007ff8193a1000 	C:\Windows\System32\RPCRT4.dll
0x00007ff81af60000 - 0x00007ff81b0c5000 	C:\Windows\System32\USER32.dll
0x00007ff818760000 - 0x00007ff81877e000 	C:\Windows\System32\win32u.dll
0x00007ff819500000 - 0x00007ff819534000 	C:\Windows\System32\GDI32.dll
0x00007ff818cb0000 - 0x00007ff818e32000 	C:\Windows\System32\gdi32full.dll
0x00007ff80d9e0000 - 0x00007ff80dc5a000 	C:\Windows\WinSxS\amd64_microsoft.windows.common-controls_6595b64144ccf1df_6.0.14393.953_none_42151e83c686086b\COMCTL32.dll
0x00007ff81b5a0000 - 0x00007ff81b868000 	C:\Windows\System32\combase.dll
0x00007ff8188d0000 - 0x00007ff8189c5000 	C:\Windows\System32\ucrtbase.dll
0x00007ff8186f0000 - 0x00007ff81875a000 	C:\Windows\System32\bcryptPrimitives.dll
0x00007ff818fe0000 - 0x00007ff81900e000 	C:\Windows\System32\IMM32.DLL
0x0000000063cd0000 - 0x0000000063da2000 	C:\Program Files\Java\jdk1.8.0_101\jre\bin\msvcr100.dll
0x0000000063430000 - 0x0000000063cca000 	C:\Program Files\Java\jdk1.8.0_101\jre\bin\server\jvm.dll
0x00007ff819a40000 - 0x00007ff819a48000 	C:\Windows\System32\PSAPI.DLL
0x00007ff815f20000 - 0x00007ff815f43000 	C:\Windows\SYSTEM32\WINMM.dll
0x00007ff808430000 - 0x00007ff808439000 	C:\Windows\SYSTEM32\WSOCK32.dll
0x00007ff819030000 - 0x00007ff81909a000 	C:\Windows\System32\WS2_32.dll
0x0000000002de0000 - 0x0000000002e0b000 	C:\Windows\SYSTEM32\WINMMBASE.dll
0x00007ff8139d0000 - 0x00007ff8139da000 	C:\Windows\SYSTEM32\VERSION.dll
0x00007ff8186a0000 - 0x00007ff8186e2000 	C:\Windows\System32\cfgmgr32.dll
0x0000000063420000 - 0x000000006342f000 	C:\Program Files\Java\jdk1.8.0_101\jre\bin\verify.dll
0x00000000633f0000 - 0x0000000063419000 	C:\Program Files\Java\jdk1.8.0_101\jre\bin\java.dll
0x00000000633d0000 - 0x00000000633e6000 	C:\Program Files\Java\jdk1.8.0_101\jre\bin\zip.dll
0x00007ff819a50000 - 0x00007ff81af58000 	C:\Windows\System32\SHELL32.dll
0x00007ff817fc0000 - 0x00007ff81869a000 	C:\Windows\System32\windows.storage.dll
0x00007ff817d30000 - 0x00007ff817d7c000 	C:\Windows\System32\powrprof.dll
0x00007ff819540000 - 0x00007ff819592000 	C:\Windows\System32\shlwapi.dll
0x00007ff817d20000 - 0x00007ff817d2f000 	C:\Windows\System32\kernel.appcore.dll
0x00007ff818780000 - 0x00007ff818829000 	C:\Windows\System32\shcore.dll
0x00007ff817d80000 - 0x00007ff817d94000 	C:\Windows\System32\profapi.dll

VM Arguments:
jvm_args: -Djava.awt.headless=true -Xmx1024M -Dfile.encoding=windows-1255 -Duser.country=US -Duser.language=en -Duser.variant 
java_command: com.android.dx.command.Main --dex --force-jumbo --num-threads=4 --multi-dex --output D:\Android\Projects\LearningAndroid\ud839_Miwok\app\build\intermediates\transforms\dex\debug\folders\1000\5\slice_7 D:\Android\Projects\LearningAndroid\ud839_Miwok\app\build\intermediates\transforms\instantRunSlicer\debug\folders\1\5\slice_7
java_class_path (initial): D:\Android\build-tools\25.0.0\lib\dx.jar
Launcher Type: SUN_STANDARD

Environment Variables:
JAVA_HOME=C:\Program Files\Java\jdk1.8.0_102
PATH=C:\ProgramData\Oracle\Java\javapath;C:\WINDOWS\system32;C:\WINDOWS;C:\WINDOWS\System32\Wbem;C:\WINDOWS\System32\WindowsPowerShell\v1.0\;C:\Program Files\Intel\WiFi\bin\;C:\Program Files\Common Files\Intel\WirelessCommon\;C:\Program Files (x86)\Skype\Phone\;C:\Program Files (x86)\NVIDIA Corporation\PhysX\Common;C:\Program Files\Microsoft SQL Server\120\Tools\Binn\;C:\Program Files\Microsoft SQL Server\130\Tools\Binn\;C:\Program Files (x86)\Intel\OpenCL SDK\2.0\bin\x86;C:\Program Files (x86)\Intel\OpenCL SDK\2.0\bin\x64;C:\Program Files\Microsoft\Web Platform Installer\;C:\Program Files\dotnet\;C:\Windows\system32;C:\Windows;C:\Windows\System32\Wbem;C:\Windows\System32\WindowsPowerShell\v1.0\;C:\Program Files\Java\jdk1.8.0_102\bin;C:\maven\apache-maven-3.3.9\bin;C:\mysql-connector-java-5.1.40\mysql-5.7.16-winx64\bin;C:\Python27;C:\Program Files\Git\cmd;D:\Android\tools;D:\Android\platform-tools;C:\Users\Rami LT\.dnx\bin;C:\Program Files\Intel\WiFi\bin\;C:\Program Files\Common Files\Intel\WirelessCommon\;C:\Users\Rami LT\AppData\Local\Microsoft\WindowsApps;C:\Program Files (x86)\Notepad++
USERNAME=Rami LT
OS=Windows_NT
PROCESSOR_IDENTIFIER=Intel64 Family 6 Model 42 Stepping 7, GenuineIntel



---------------  S Y S T E M  ---------------

OS: Windows 10.0 , 64 bit Build 14393 (10.0.14393.0)

CPU:total 4 (2 cores per cpu, 2 threads per core) family 6 model 42 stepping 7, cmov, cx8, fxsr, mmx, sse, sse2, sse3, ssse3, sse4.1, sse4.2, popcnt, avx, aes, clmul, ht, tsc, tscinvbit

Memory: 4k page, physical 6196396k(838532k free), swap 7888044k(5184k free)

vm_info: Java HotSpot(TM) 64-Bit Server VM (25.101-b13) for windows-amd64 JRE (1.8.0_101-b13), built on Jun 22 2016 01:21:29 by "java_re" with MS VC++ 10.0 (VS2010)

time: Sat Apr 29 10:32:48 2017
elapsed time: 1 seconds (0d 0h 0m 1s)

