#
# There is insufficient memory for the Java Runtime Environment to continue.
# Native memory allocation (malloc) failed to allocate 74976 bytes for Chunk::new
# Possible reasons:
#   The system is out of physical RAM or swap space
#   In 32 bit mode, the process size limit was hit
# Possible solutions:
#   Reduce memory load on the system
#   Increase physical memory or swap space
#   Check if swap backing store is full
#   Use 64 bit Java on a 64 bit OS
#   Decrease Java heap size (-Xmx/-Xms)
#   Decrease number of Java threads
#   Decrease Java thread stack sizes (-Xss)
#   Set larger code cache with -XX:ReservedCodeCacheSize=
# This output file may be truncated or incomplete.
#
#  Out of Memory Error (allocation.cpp:390), pid=3976, tid=0x0000000000001804
#
# JRE version: Java(TM) SE Runtime Environment (8.0_101-b13) (build 1.8.0_101-b13)
# Java VM: Java HotSpot(TM) 64-Bit Server VM (25.101-b13 mixed mode windows-amd64 compressed oops)
# Failed to write core dump. Minidumps are not enabled by default on client versions of Windows
#

---------------  T H R E A D  ---------------

Current thread (0x0000000014dab800):  JavaThread "C2 CompilerThread0" daemon [_thread_in_native, id=6148, stack(0x00000000163a0000,0x00000000164a0000)]

Stack: [0x00000000163a0000,0x00000000164a0000]
[error occurred during error reporting (printing stack bounds), id 0xc0000005]

Native frames: (J=compiled Java code, j=interpreted, Vv=VM code, C=native code)


Current CompileTask:
C2:   1724  922       4       com.android.dx.ssa.SsaRenamer$BlockRenamer::addMapping (143 bytes)


---------------  P R O C E S S  ---------------

Java Threads: ( => current thread )
  0x00000000167a6000 JavaThread "pool-2-thread-4" [_thread_in_Java, id=5976, stack(0x00000000170a0000,0x00000000171a0000)]
  0x0000000016796800 JavaThread "pool-2-thread-3" [_thread_in_Java, id=4800, stack(0x0000000016fa0000,0x00000000170a0000)]
  0x0000000016796000 JavaThread "pool-2-thread-2" [_thread_blocked, id=9116, stack(0x0000000016ea0000,0x0000000016fa0000)]
  0x0000000016794800 JavaThread "pool-3-thread-1" [_thread_blocked, id=11768, stack(0x0000000016da0000,0x0000000016ea0000)]
  0x0000000016792000 JavaThread "pool-2-thread-1" [_thread_in_Java, id=5904, stack(0x0000000016ca0000,0x0000000016da0000)]
  0x0000000016614000 JavaThread "Service Thread" daemon [_thread_blocked, id=8380, stack(0x0000000016aa0000,0x0000000016ba0000)]
  0x0000000014db1800 JavaThread "C1 CompilerThread2" daemon [_thread_in_native, id=8284, stack(0x00000000169a0000,0x0000000016aa0000)]
  0x0000000014dae800 JavaThread "C2 CompilerThread1" daemon [_thread_in_vm, id=6912, stack(0x00000000164a0000,0x00000000165a0000)]
=>0x0000000014dab800 JavaThread "C2 CompilerThread0" daemon [_thread_in_native, id=6148, stack(0x00000000163a0000,0x00000000164a0000)]
  0x0000000014da9800 JavaThread "Attach Listener" daemon [_thread_blocked, id=9008, stack(0x00000000162a0000,0x00000000163a0000)]
  0x0000000014da8800 JavaThread "Signal Dispatcher" daemon [_thread_blocked, id=10388, stack(0x00000000161a0000,0x00000000162a0000)]
  0x0000000014d4a800 JavaThread "Finalizer" daemon [_thread_blocked, id=9404, stack(0x0000000015fb0000,0x00000000160b0000)]
  0x0000000002680000 JavaThread "Reference Handler" daemon [_thread_blocked, id=9568, stack(0x0000000015eb0000,0x0000000015fb0000)]
  0x000000000248e000 JavaThread "main" [_thread_in_Java, id=5792, stack(0x0000000002490000,0x0000000002590000)]

Other Threads:
  0x0000000014d27000 VMThread [stack: 0x0000000015db0000,0x0000000015eb0000] [id=10460]
  0x000000001665d000 WatcherThread [stack: 0x0000000016ba0000,0x0000000016ca0000] [id=1276]

VM state:not at safepoint (normal execution)

VM Mutex/Monitor currently owned by a thread: None

Heap:
 PSYoungGen      total 28672K, used 18703K [0x00000000eab00000, 0x00000000ecb00000, 0x0000000100000000)
  eden space 24576K, 76% used [0x00000000eab00000,0x00000000ebd43e50,0x00000000ec300000)
  from space 4096K, 0% used [0x00000000ec700000,0x00000000ec700000,0x00000000ecb00000)
  to   space 4096K, 0% used [0x00000000ec300000,0x00000000ec300000,0x00000000ec700000)
 ParOldGen       total 65536K, used 0K [0x00000000c0000000, 0x00000000c4000000, 0x00000000eab00000)
  object space 65536K, 0% used [0x00000000c0000000,0x00000000c0000000,0x00000000c4000000)
 Metaspace       used 5852K, capacity 6772K, committed 7040K, reserved 1056768K
  class space    used 598K, capacity 620K, committed 640K, reserved 1048576K

Card table byte_map: [0x0000000011a50000,0x0000000011c60000] byte_map_base: 0x0000000011450000

Marking Bits: (ParMarkBitMap*) 0x0000000063c4a6d0
 Begin Bits: [0x00000000121c0000, 0x00000000131c0000)
 End Bits:   [0x00000000131c0000, 0x00000000141c0000)

Polling page: 0x0000000000730000

CodeCache: size=245760Kb used=3751Kb max_used=3751Kb free=242008Kb
 bounds [0x0000000002690000, 0x0000000002a40000, 0x0000000011690000]
 total_blobs=1198 nmethods=928 adapters=182
 compilation: enabled

Compilation events (10 events):
Event: 1.719 Thread 0x0000000014db1800 nmethod 923 0x0000000002a31c90 code [0x0000000002a31e40, 0x0000000002a322f8]
Event: 1.719 Thread 0x0000000014db1800  927       3       com.android.dx.ssa.SsaMethod$2::visitPhiInsn (6 bytes)
Event: 1.719 Thread 0x0000000014db1800 nmethod 927 0x0000000002a31910 code [0x0000000002a31a80, 0x0000000002a31c08]
Event: 1.719 Thread 0x0000000014db1800  912       3       com.android.dx.cf.code.ExecutionStack::copy (59 bytes)
Event: 1.719 Thread 0x0000000014db1800 nmethod 912 0x0000000002a362d0 code [0x0000000002a36480, 0x0000000002a36b38]
Event: 1.719 Thread 0x0000000014db1800  929       3       com.android.dx.ssa.SsaMethod$1::visitPhiInsn (17 bytes)
Event: 1.720 Thread 0x0000000014db1800 nmethod 929 0x0000000002a35bd0 code [0x0000000002a35d40, 0x0000000002a36130]
Event: 1.720 Thread 0x0000000014db1800  897       3       com.android.dx.cf.code.BaseMachine::auxType (6 bytes)
Event: 1.720 Thread 0x0000000014db1800 nmethod 897 0x0000000002a315d0 code [0x0000000002a31720, 0x0000000002a31890]
Event: 1.720 Thread 0x0000000014db1800  926       3       com.android.dx.rop.code.RegisterSpec::getBasicFrameType (10 bytes)

GC Heap History (0 events):
No events

Deoptimization events (5 events):
Event: 1.454 Thread 0x000000000248e000 Uncommon trap: reason=class_check action=maybe_recompile pc=0x00000000028b9070 method=com.android.dx.ssa.NormalSsaInsn.accept(Lcom/android/dx/ssa/SsaInsn$Visitor;)V @ 9
Event: 1.454 Thread 0x000000000248e000 Uncommon trap: reason=class_check action=maybe_recompile pc=0x00000000028b9070 method=com.android.dx.ssa.NormalSsaInsn.accept(Lcom/android/dx/ssa/SsaInsn$Visitor;)V @ 9
Event: 1.454 Thread 0x000000000248e000 Uncommon trap: reason=class_check action=maybe_recompile pc=0x00000000028b9070 method=com.android.dx.ssa.NormalSsaInsn.accept(Lcom/android/dx/ssa/SsaInsn$Visitor;)V @ 9
Event: 1.455 Thread 0x000000000248e000 Uncommon trap: reason=class_check action=maybe_recompile pc=0x00000000028b9070 method=com.android.dx.ssa.NormalSsaInsn.accept(Lcom/android/dx/ssa/SsaInsn$Visitor;)V @ 9
Event: 1.704 Thread 0x000000000248e000 Uncommon trap: reason=unstable_if action=reinterpret pc=0x000000000291e260 method=com.android.dx.rop.code.RegisterSpec.equals(ILcom/android/dx/rop/type/TypeBearer;Lcom/android/dx/rop/code/LocalItem;)Z @ 42

Internal exceptions (2 events):
Event: 0.045 Thread 0x000000000248e000 Exception <a 'java/lang/NoSuchMethodError': Method sun.misc.Unsafe.defineClass(Ljava/lang/String;[BII)Ljava/lang/Class; name or signature does not match> (0x00000000eab07cc0) thrown at [C:\re\workspace\8-2-build-windows-amd64-cygwin\jdk8u101\7261\hotspot\sЊ_д3уд?
Event: 0.045 Thread 0x000000000248e000 Exception <a 'java/lang/NoSuchMethodError': Method sun.misc.Unsafe.prefetchRead(Ljava/lang/Object;J)V name or signature does not match> (0x00000000eab07fa8) thrown at [C:\re\workspace\8-2-build-windows-amd64-cygwin\jdk8u101\7261\hotspot\src\share\vm\prims\

Events (10 events):
Event: 1.454 Thread 0x000000000248e000 DEOPT UNPACKING pc=0x00000000026d582a sp=0x000000000258e180 mode 2
Event: 1.454 Thread 0x000000000248e000 Uncommon trap: trap_request=0xffffffde fr.pc=0x00000000028b9070
Event: 1.454 Thread 0x000000000248e000 DEOPT PACKING pc=0x00000000028b9070 sp=0x000000000258e130
Event: 1.454 Thread 0x000000000248e000 DEOPT UNPACKING pc=0x00000000026d582a sp=0x000000000258e0c0 mode 2
Event: 1.455 Thread 0x000000000248e000 Uncommon trap: trap_request=0xffffffde fr.pc=0x00000000028b9070
Event: 1.455 Thread 0x000000000248e000 DEOPT PACKING pc=0x00000000028b9070 sp=0x000000000258e470
Event: 1.455 Thread 0x000000000248e000 DEOPT UNPACKING pc=0x00000000026d582a sp=0x000000000258e400 mode 2
Event: 1.704 Thread 0x000000000248e000 Uncommon trap: trap_request=0xffffff65 fr.pc=0x000000000291e260
Event: 1.704 Thread 0x000000000248e000 DEOPT PACKING pc=0x000000000291e260 sp=0x000000000258e3e0
Event: 1.704 Thread 0x000000000248e000 DEOPT UNPACKING pc=0x00000000026d582a sp=0x000000000258e368 mode 2


Dynamic libraries:
0x00007ff68b080000 - 0x00007ff68b0b7000 	C:\Program Files\Java\jdk1.8.0_101\bin\java.exe
0x00007ff81b8d0000 - 0x00007ff81baa1000 	C:\Windows\SYSTEM32\ntdll.dll
0x00007ff81b390000 - 0x00007ff81b43b000 	C:\Windows\System32\KERNEL32.DLL
0x00007ff817da0000 - 0x00007ff817fbd000 	C:\Windows\System32\KERNELBASE.dll
0x00007ff8193b0000 - 0x00007ff819452000 	C:\Windows\System32\ADVAPI32.dll
0x00007ff819460000 - 0x00007ff8194fe000 	C:\Windows\System32\msvcrt.dll
0x00007ff818e40000 - 0x00007ff818e99000 	C:\Windows\System32\sechost.dll
0x00007ff819280000 - 0x00007ff8193a1000 	C:\Windows\System32\RPCRT4.dll
0x00007ff81af60000 - 0x00007ff81b0c5000 	C:\Windows\System32\USER32.dll
0x00007ff818760000 - 0x00007ff81877e000 	C:\Windows\System32\win32u.dll
0x00007ff819500000 - 0x00007ff819534000 	C:\Windows\System32\GDI32.dll
0x00007ff818cb0000 - 0x00007ff818e32000 	C:\Windows\System32\gdi32full.dll
0x00007ff80d9e0000 - 0x00007ff80dc5a000 	C:\Windows\WinSxS\amd64_microsoft.windows.common-controls_6595b64144ccf1df_6.0.14393.953_none_42151e83c686086b\COMCTL32.dll
0x00007ff81b5a0000 - 0x00007ff81b868000 	C:\Windows\System32\combase.dll
0x00007ff8188d0000 - 0x00007ff8189c5000 	C:\Windows\System32\ucrtbase.dll
0x00007ff8186f0000 - 0x00007ff81875a000 	C:\Windows\System32\bcryptPrimitives.dll
0x00007ff818fe0000 - 0x00007ff81900e000 	C:\Windows\System32\IMM32.DLL
0x0000000063cd0000 - 0x0000000063da2000 	C:\Program Files\Java\jdk1.8.0_101\jre\bin\msvcr100.dll
0x0000000063430000 - 0x0000000063cca000 	C:\Program Files\Java\jdk1.8.0_101\jre\bin\server\jvm.dll
0x00007ff819a40000 - 0x00007ff819a48000 	C:\Windows\System32\PSAPI.DLL
0x00007ff815f20000 - 0x00007ff815f43000 	C:\Windows\SYSTEM32\WINMM.dll
0x00007ff808430000 - 0x00007ff808439000 	C:\Windows\SYSTEM32\WSOCK32.dll
0x00007ff8139d0000 - 0x00007ff8139da000 	C:\Windows\SYSTEM32\VERSION.dll
0x00007ff819030000 - 0x00007ff81909a000 	C:\Windows\System32\WS2_32.dll
0x0000000000b50000 - 0x0000000000b7b000 	C:\Windows\SYSTEM32\WINMMBASE.dll
0x00007ff8186a0000 - 0x00007ff8186e2000 	C:\Windows\System32\cfgmgr32.dll
0x0000000063420000 - 0x000000006342f000 	C:\Program Files\Java\jdk1.8.0_101\jre\bin\verify.dll
0x00000000633f0000 - 0x0000000063419000 	C:\Program Files\Java\jdk1.8.0_101\jre\bin\java.dll
0x00000000633d0000 - 0x00000000633e6000 	C:\Program Files\Java\jdk1.8.0_101\jre\bin\zip.dll
0x00007ff819a50000 - 0x00007ff81af58000 	C:\Windows\System32\SHELL32.dll
0x00007ff817fc0000 - 0x00007ff81869a000 	C:\Windows\System32\windows.storage.dll
0x00007ff817d30000 - 0x00007ff817d7c000 	C:\Windows\System32\powrprof.dll
0x00007ff819540000 - 0x00007ff819592000 	C:\Windows\System32\shlwapi.dll
0x00007ff817d20000 - 0x00007ff817d2f000 	C:\Windows\System32\kernel.appcore.dll
0x00007ff818780000 - 0x00007ff818829000 	C:\Windows\System32\shcore.dll
0x00007ff817d80000 - 0x00007ff817d94000 	C:\Windows\System32\profapi.dll

VM Arguments:
jvm_args: -Djava.awt.headless=true -Xmx1024M -Dfile.encoding=windows-1255 -Duser.country=US -Duser.language=en -Duser.variant 
java_command: com.android.dx.command.Main --dex --force-jumbo --num-threads=4 --multi-dex --output D:\Android\Projects\LearningAndroid\ud839_Miwok\app\build\intermediates\transforms\dex\debug\folders\1000\10000\instant-run_a7943dd5a7ea5e19f9117e005fa7745bb2c8bf9e D:\Android\Projects\LearningAndroid\ud839_Miwok\app\build\intermediates\incremental-runtime-classes\debug\instant-run.jar
java_class_path (initial): D:\Android\build-tools\25.0.0\lib\dx.jar
Launcher Type: SUN_STANDARD

Environment Variables:
JAVA_HOME=C:\Program Files\Java\jdk1.8.0_102
PATH=C:\ProgramData\Oracle\Java\javapath;C:\WINDOWS\system32;C:\WINDOWS;C:\WINDOWS\System32\Wbem;C:\WINDOWS\System32\WindowsPowerShell\v1.0\;C:\Program Files\Intel\WiFi\bin\;C:\Program Files\Common Files\Intel\WirelessCommon\;C:\Program Files (x86)\Skype\Phone\;C:\Program Files (x86)\NVIDIA Corporation\PhysX\Common;C:\Program Files\Microsoft SQL Server\120\Tools\Binn\;C:\Program Files\Microsoft SQL Server\130\Tools\Binn\;C:\Program Files (x86)\Intel\OpenCL SDK\2.0\bin\x86;C:\Program Files (x86)\Intel\OpenCL SDK\2.0\bin\x64;C:\Program Files\Microsoft\Web Platform Installer\;C:\Program Files\dotnet\;C:\Windows\system32;C:\Windows;C:\Windows\System32\Wbem;C:\Windows\System32\WindowsPowerShell\v1.0\;C:\Program Files\Java\jdk1.8.0_102\bin;C:\maven\apache-maven-3.3.9\bin;C:\mysql-connector-java-5.1.40\mysql-5.7.16-winx64\bin;C:\Python27;C:\Program Files\Git\cmd;D:\Android\tools;D:\Android\platform-tools;C:\Users\Rami LT\.dnx\bin;C:\Program Files\Intel\WiFi\bin\;C:\Program Files\Common Files\Intel\WirelessCommon\;C:\Users\Rami LT\AppData\Local\Microsoft\WindowsApps;C:\Program Files (x86)\Notepad++
USERNAME=Rami LT
OS=Windows_NT
PROCESSOR_IDENTIFIER=Intel64 Family 6 Model 42 Stepping 7, GenuineIntel



---------------  S Y S T E M  ---------------

OS: Windows 10.0 , 64 bit Build 14393 (10.0.14393.0)

CPU:total 4 (2 cores per cpu, 2 threads per core) family 6 model 42 stepping 7, cmov, cx8, fxsr, mmx, sse, sse2, sse3, ssse3, sse4.1, sse4.2, popcnt, avx, aes, clmul, ht, tsc, tscinvbit

Memory: 4k page, physical 6196396k(1324668k free), swap 7888044k(2404k free)

vm_info: Java HotSpot(TM) 64-Bit Server VM (25.101-b13) for windows-amd64 JRE (1.8.0_101-b13), built on Jun 22 2016 01:21:29 by "java_re" with MS VC++ 10.0 (VS2010)

time: Sat Apr 29 10:16:54 2017
elapsed time: 1 seconds (0d 0h 0m 1s)

