#
# There is insufficient memory for the Java Runtime Environment to continue.
# Native memory allocation (malloc) failed to allocate 1021296 bytes for Chunk::new
# Possible reasons:
#   The system is out of physical RAM or swap space
#   In 32 bit mode, the process size limit was hit
# Possible solutions:
#   Reduce memory load on the system
#   Increase physical memory or swap space
#   Check if swap backing store is full
#   Use 64 bit Java on a 64 bit OS
#   Decrease Java heap size (-Xmx/-Xms)
#   Decrease number of Java threads
#   Decrease Java thread stack sizes (-Xss)
#   Set larger code cache with -XX:ReservedCodeCacheSize=
# This output file may be truncated or incomplete.
#
#  Out of Memory Error (allocation.cpp:390), pid=3116, tid=0x0000000000000eb8
#
# JRE version: Java(TM) SE Runtime Environment (8.0_101-b13) (build 1.8.0_101-b13)
# Java VM: Java HotSpot(TM) 64-Bit Server VM (25.101-b13 mixed mode windows-amd64 compressed oops)
# Failed to write core dump. Minidumps are not enabled by default on client versions of Windows
#

---------------  T H R E A D  ---------------

Current thread (0x0000000014e46800):  JavaThread "C2 CompilerThread0" daemon [_thread_in_native, id=3768, stack(0x0000000016480000,0x0000000016580000)]

Stack: [0x0000000016480000,0x0000000016580000]
[error occurred during error reporting (printing stack bounds), id 0xc0000005]

Native frames: (J=compiled Java code, j=interpreted, Vv=VM code, C=native code)


Current CompileTask:
C2:   2939 1064   !   4       com.android.dx.cf.code.Ropper::processBlock (1101 bytes)


---------------  P R O C E S S  ---------------

Java Threads: ( => current thread )
  0x00000000168d5800 JavaThread "pool-2-thread-4" [_thread_blocked, id=6520, stack(0x0000000017180000,0x0000000017280000)]
  0x00000000168d4800 JavaThread "pool-2-thread-3" [_thread_blocked, id=10176, stack(0x0000000017080000,0x0000000017180000)]
  0x00000000168c7000 JavaThread "pool-2-thread-2" [_thread_in_vm, id=8244, stack(0x0000000016f80000,0x0000000017080000)]
  0x00000000168b5000 JavaThread "pool-3-thread-1" [_thread_blocked, id=7692, stack(0x0000000016e80000,0x0000000016f80000)]
  0x00000000168b4800 JavaThread "pool-2-thread-1" [_thread_in_Java, id=5228, stack(0x0000000016d80000,0x0000000016e80000)]
  0x0000000016804000 JavaThread "Service Thread" daemon [_thread_blocked, id=11816, stack(0x0000000016b80000,0x0000000016c80000)]
  0x0000000014e98800 JavaThread "C1 CompilerThread2" daemon [_thread_blocked, id=7828, stack(0x0000000016680000,0x0000000016780000)]
  0x0000000014e4b800 JavaThread "C2 CompilerThread1" daemon [_thread_in_native, id=9012, stack(0x0000000016580000,0x0000000016680000)]
=>0x0000000014e46800 JavaThread "C2 CompilerThread0" daemon [_thread_in_native, id=3768, stack(0x0000000016480000,0x0000000016580000)]
  0x0000000014e93800 JavaThread "Attach Listener" daemon [_thread_blocked, id=632, stack(0x0000000016380000,0x0000000016480000)]
  0x0000000014e92800 JavaThread "Signal Dispatcher" daemon [_thread_blocked, id=8240, stack(0x0000000016280000,0x0000000016380000)]
  0x0000000014e2a000 JavaThread "Finalizer" daemon [_thread_blocked, id=7472, stack(0x0000000016090000,0x0000000016190000)]
  0x00000000026d0000 JavaThread "Reference Handler" daemon [_thread_blocked, id=7212, stack(0x0000000015f90000,0x0000000016090000)]
  0x000000000276e000 JavaThread "main" [_thread_blocked, id=6008, stack(0x00000000024b0000,0x00000000025b0000)]

Other Threads:
  0x0000000014e07000 VMThread [stack: 0x0000000015e90000,0x0000000015f90000] [id=6292]
  0x0000000016838000 WatcherThread [stack: 0x0000000016c80000,0x0000000016d80000] [id=5812]

VM state:synchronizing (normal execution)

VM Mutex/Monitor currently owned by a thread:  ([mutex/lock_event])
[0x000000000276c720] Safepoint_lock - owner thread: 0x0000000014e07000
[0x000000000276c7a0] Threads_lock - owner thread: 0x0000000014e07000
[0x00000000025e12d0] Compile_lock - owner thread: 0x00000000168c7000

Heap:
 PSYoungGen      total 28672K, used 19302K [0x00000000eab00000, 0x00000000ecb00000, 0x0000000100000000)
  eden space 24576K, 61% used [0x00000000eab00000,0x00000000eb9d9de8,0x00000000ec300000)
  from space 4096K, 99% used [0x00000000ec300000,0x00000000ec6ffdd8,0x00000000ec700000)
  to   space 4096K, 0% used [0x00000000ec700000,0x00000000ec700000,0x00000000ecb00000)
 ParOldGen       total 65536K, used 4628K [0x00000000c0000000, 0x00000000c4000000, 0x00000000eab00000)
  object space 65536K, 7% used [0x00000000c0000000,0x00000000c04851b0,0x00000000c4000000)
 Metaspace       used 5744K, capacity 6832K, committed 7040K, reserved 1056768K
  class space    used 580K, capacity 616K, committed 640K, reserved 1048576K

Card table byte_map: [0x0000000011b30000,0x0000000011d40000] byte_map_base: 0x0000000011530000

Marking Bits: (ParMarkBitMap*) 0x0000000063c4a6d0
 Begin Bits: [0x00000000122a0000, 0x00000000132a0000)
 End Bits:   [0x00000000132a0000, 0x00000000142a0000)

Polling page: 0x00000000025c0000

CodeCache: size=245760Kb used=4568Kb max_used=4568Kb free=241191Kb
 bounds [0x0000000002770000, 0x0000000002bf0000, 0x0000000011770000]
 total_blobs=1367 nmethods=1105 adapters=175
 compilation: enabled

Compilation events (10 events):
Event: 2.860 Thread 0x0000000014e98800 1112       3       com.android.dx.dex.cf.AttributeTranslator::getAnnotations (22 bytes)
Event: 2.861 Thread 0x0000000014e98800 nmethod 1112 0x0000000002bc1190 code [0x0000000002bc13a0, 0x0000000002bc1e98]
Event: 2.861 Thread 0x0000000014e98800 1113       3       com.android.dx.dex.cf.AttributeTranslator::getAnnotations0 (62 bytes)
Event: 2.862 Thread 0x0000000014e98800 nmethod 1113 0x0000000002be3f50 code [0x0000000002be41a0, 0x0000000002be5038]
Event: 2.862 Thread 0x0000000014e98800 1114       3       com.android.dx.dex.cf.AttributeTranslator::getSignature (26 bytes)
Event: 2.862 Thread 0x0000000014e98800 nmethod 1114 0x0000000002bc0a50 code [0x0000000002bc0c00, 0x0000000002bc1028]
Event: 2.862 Thread 0x0000000014e98800 1115       3       com.android.dx.ssa.SsaMethod::forEachBlockDepthFirst (194 bytes)
Event: 2.865 Thread 0x0000000014e98800 nmethod 1115 0x0000000002be5650 code [0x0000000002be5ae0, 0x0000000002be8f28]
Event: 2.891 Thread 0x0000000014e98800 1116       1       java.util.HashMap::afterNodeAccess (1 bytes)
Event: 2.891 Thread 0x0000000014e98800 nmethod 1116 0x0000000002bb9990 code [0x0000000002bb9ae0, 0x0000000002bb9bf0]

GC Heap History (2 events):
Event: 2.575 GC heap before
{Heap before GC invocations=1 (full 0):
 PSYoungGen      total 28672K, used 24576K [0x00000000eab00000, 0x00000000ecb00000, 0x0000000100000000)
  eden space 24576K, 100% used [0x00000000eab00000,0x00000000ec300000,0x00000000ec300000)
  from space 4096K, 0% used [0x00000000ec700000,0x00000000ec700000,0x00000000ecb00000)
  to   space 4096K, 0% used [0x00000000ec300000,0x00000000ec300000,0x00000000ec700000)
 ParOldGen       total 65536K, used 0K [0x00000000c0000000, 0x00000000c4000000, 0x00000000eab00000)
  object space 65536K, 0% used [0x00000000c0000000,0x00000000c0000000,0x00000000c4000000)
 Metaspace       used 5698K, capacity 6832K, committed 7040K, reserved 1056768K
  class space    used 580K, capacity 616K, committed 640K, reserved 1048576K
Event: 2.594 GC heap after
Heap after GC invocations=1 (full 0):
 PSYoungGen      total 28672K, used 4095K [0x00000000eab00000, 0x00000000ecb00000, 0x0000000100000000)
  eden space 24576K, 0% used [0x00000000eab00000,0x00000000eab00000,0x00000000ec300000)
  from space 4096K, 99% used [0x00000000ec300000,0x00000000ec6ffdd8,0x00000000ec700000)
  to   space 4096K, 0% used [0x00000000ec700000,0x00000000ec700000,0x00000000ecb00000)
 ParOldGen       total 65536K, used 4628K [0x00000000c0000000, 0x00000000c4000000, 0x00000000eab00000)
  object space 65536K, 7% used [0x00000000c0000000,0x00000000c04851b0,0x00000000c4000000)
 Metaspace       used 5698K, capacity 6832K, committed 7040K, reserved 1056768K
  class space    used 580K, capacity 616K, committed 640K, reserved 1048576K
}

Deoptimization events (10 events):
Event: 2.513 Thread 0x00000000168d5800 Uncommon trap: reason=class_check action=maybe_recompile pc=0x0000000002b7d24c method=com.android.dx.cf.code.BytecodeArray.parseInstruction(ILcom/android/dx/cf/code/BytecodeArray$Visitor;)I @ 1130
Event: 2.514 Thread 0x00000000168c7000 Uncommon trap: reason=bimorphic action=maybe_recompile pc=0x0000000002b7d11c method=com.android.dx.cf.code.BytecodeArray.parseInstruction(ILcom/android/dx/cf/code/BytecodeArray$Visitor;)I @ 971
Event: 2.514 Thread 0x00000000168c7000 Uncommon trap: reason=class_check action=maybe_recompile pc=0x0000000002b7d24c method=com.android.dx.cf.code.BytecodeArray.parseInstruction(ILcom/android/dx/cf/code/BytecodeArray$Visitor;)I @ 1130
Event: 2.635 Thread 0x00000000168b4800 Uncommon trap: reason=unstable_if action=reinterpret pc=0x0000000002b4be60 method=com.android.dx.cf.code.BasicBlocker.addWorkIfNecessary(IZ)V @ 8
Event: 2.812 Thread 0x00000000168b4800 Uncommon trap: reason=unstable_if action=reinterpret pc=0x00000000029a9830 method=java.util.BitSet.nextSetBit(I)I @ 87
Event: 2.815 Thread 0x00000000168b4800 Uncommon trap: reason=unloaded action=reinterpret pc=0x0000000002a4b174 method=com.android.dx.ssa.SsaRenamer$BlockRenamer.visitMoveInsn(Lcom/android/dx/ssa/NormalSsaInsn;)V @ 208
Event: 2.815 Thread 0x00000000168b4800 Uncommon trap: reason=unloaded action=reinterpret pc=0x0000000002a3236c method=com.android.dx.ssa.SsaRenamer$BlockRenamer.visitMoveInsn(Lcom/android/dx/ssa/NormalSsaInsn;)V @ 208
Event: 2.816 Thread 0x00000000168b4800 Uncommon trap: reason=unstable_if action=reinterpret pc=0x0000000002b4f450 method=com.android.dx.ssa.NormalSsaInsn.getLocalAssignment()Lcom/android/dx/rop/code/RegisterSpec; @ 12
Event: 2.816 Thread 0x00000000168b4800 Uncommon trap: reason=unstable_if action=reinterpret pc=0x0000000002aa5a68 method=com.android.dx.ssa.NormalSsaInsn.getLocalAssignment()Lcom/android/dx/rop/code/RegisterSpec; @ 12
Event: 2.816 Thread 0x00000000168b4800 Uncommon trap: reason=unstable_if action=reinterpret pc=0x0000000002a80f30 method=com.android.dx.ssa.NormalSsaInsn.getLocalAssignment()Lcom/android/dx/rop/code/RegisterSpec; @ 12

Internal exceptions (2 events):
Event: 0.120 Thread 0x000000000276e000 Exception <a 'java/lang/NoSuchMethodError': Method sun.misc.Unsafe.defineClass(Ljava/lang/String;[BII)Ljava/lang/Class; name or signature does not match> (0x00000000eab07cc0) thrown at [C:\re\workspace\8-2-build-windows-amd64-cygwin\jdk8u101\7261\hotspot\sl£ﬂŸ”æ?
Event: 0.120 Thread 0x000000000276e000 Exception <a 'java/lang/NoSuchMethodError': Method sun.misc.Unsafe.prefetchRead(Ljava/lang/Object;J)V name or signature does not match> (0x00000000eab07fa8) thrown at [C:\re\workspace\8-2-build-windows-amd64-cygwin\jdk8u101\7261\hotspot\src\share\vm\prims\

Events (10 events):
Event: 2.816 Thread 0x00000000168b4800 DEOPT PACKING pc=0x0000000002aa5a68 sp=0x0000000016e7e5d0
Event: 2.816 Thread 0x00000000168b4800 DEOPT UNPACKING pc=0x00000000027b582a sp=0x0000000016e7e4f0 mode 2
Event: 2.816 Thread 0x00000000168b4800 Uncommon trap: trap_request=0xffffff65 fr.pc=0x0000000002a80f30
Event: 2.816 Thread 0x00000000168b4800 DEOPT PACKING pc=0x0000000002a80f30 sp=0x0000000016e7e550
Event: 2.816 Thread 0x00000000168b4800 DEOPT UNPACKING pc=0x00000000027b582a sp=0x0000000016e7e4e0 mode 2
Event: 2.825 Thread 0x00000000168c7000 DEOPT PACKING pc=0x0000000002abad84 sp=0x000000001707e6e0
Event: 2.825 Thread 0x00000000168c7000 DEOPT UNPACKING pc=0x00000000027b787f sp=0x000000001707e408 mode 0
Event: 2.901 loading class com/android/dx/util/ListIntSet
Event: 2.901 loading class com/android/dx/util/ListIntSet done
Event: 2.902 Executing VM operation: Deoptimize


Dynamic libraries:
0x00007ff68b080000 - 0x00007ff68b0b7000 	C:\Program Files\Java\jdk1.8.0_101\bin\java.exe
0x00007ff81b8d0000 - 0x00007ff81baa1000 	C:\Windows\SYSTEM32\ntdll.dll
0x00007ff81b390000 - 0x00007ff81b43b000 	C:\Windows\System32\KERNEL32.DLL
0x00007ff817da0000 - 0x00007ff817fbd000 	C:\Windows\System32\KERNELBASE.dll
0x00007ff8193b0000 - 0x00007ff819452000 	C:\Windows\System32\ADVAPI32.dll
0x00007ff819460000 - 0x00007ff8194fe000 	C:\Windows\System32\msvcrt.dll
0x00007ff818e40000 - 0x00007ff818e99000 	C:\Windows\System32\sechost.dll
0x00007ff819280000 - 0x00007ff8193a1000 	C:\Windows\System32\RPCRT4.dll
0x00007ff81af60000 - 0x00007ff81b0c5000 	C:\Windows\System32\USER32.dll
0x00007ff818760000 - 0x00007ff81877e000 	C:\Windows\System32\win32u.dll
0x00007ff819500000 - 0x00007ff819534000 	C:\Windows\System32\GDI32.dll
0x00007ff818cb0000 - 0x00007ff818e32000 	C:\Windows\System32\gdi32full.dll
0x00007ff80d9e0000 - 0x00007ff80dc5a000 	C:\Windows\WinSxS\amd64_microsoft.windows.common-controls_6595b64144ccf1df_6.0.14393.953_none_42151e83c686086b\COMCTL32.dll
0x00007ff81b5a0000 - 0x00007ff81b868000 	C:\Windows\System32\combase.dll
0x00007ff8188d0000 - 0x00007ff8189c5000 	C:\Windows\System32\ucrtbase.dll
0x00007ff8186f0000 - 0x00007ff81875a000 	C:\Windows\System32\bcryptPrimitives.dll
0x00007ff818fe0000 - 0x00007ff81900e000 	C:\Windows\System32\IMM32.DLL
0x0000000063cd0000 - 0x0000000063da2000 	C:\Program Files\Java\jdk1.8.0_101\jre\bin\msvcr100.dll
0x0000000063430000 - 0x0000000063cca000 	C:\Program Files\Java\jdk1.8.0_101\jre\bin\server\jvm.dll
0x00007ff819a40000 - 0x00007ff819a48000 	C:\Windows\System32\PSAPI.DLL
0x00007ff808430000 - 0x00007ff808439000 	C:\Windows\SYSTEM32\WSOCK32.dll
0x00007ff819030000 - 0x00007ff81909a000 	C:\Windows\System32\WS2_32.dll
0x00007ff815f20000 - 0x00007ff815f43000 	C:\Windows\SYSTEM32\WINMM.dll
0x00007ff8139d0000 - 0x00007ff8139da000 	C:\Windows\SYSTEM32\VERSION.dll
0x00007ff815cb0000 - 0x00007ff815cdb000 	C:\Windows\SYSTEM32\WINMMBASE.dll
0x00007ff8186a0000 - 0x00007ff8186e2000 	C:\Windows\System32\cfgmgr32.dll
0x0000000063420000 - 0x000000006342f000 	C:\Program Files\Java\jdk1.8.0_101\jre\bin\verify.dll
0x00000000633f0000 - 0x0000000063419000 	C:\Program Files\Java\jdk1.8.0_101\jre\bin\java.dll
0x00000000633d0000 - 0x00000000633e6000 	C:\Program Files\Java\jdk1.8.0_101\jre\bin\zip.dll
0x00007ff819a50000 - 0x00007ff81af58000 	C:\Windows\System32\SHELL32.dll
0x00007ff817fc0000 - 0x00007ff81869a000 	C:\Windows\System32\windows.storage.dll
0x00007ff817d30000 - 0x00007ff817d7c000 	C:\Windows\System32\powrprof.dll
0x00007ff819540000 - 0x00007ff819592000 	C:\Windows\System32\shlwapi.dll
0x00007ff817d20000 - 0x00007ff817d2f000 	C:\Windows\System32\kernel.appcore.dll
0x00007ff818780000 - 0x00007ff818829000 	C:\Windows\System32\shcore.dll
0x00007ff817d80000 - 0x00007ff817d94000 	C:\Windows\System32\profapi.dll

VM Arguments:
jvm_args: -Djava.awt.headless=true -Xmx1024M -Dfile.encoding=windows-1255 -Duser.country=US -Duser.language=en -Duser.variant 
java_command: com.android.dx.command.Main --dex --force-jumbo --num-threads=4 --multi-dex --output D:\Android\Projects\LearningAndroid\ud839_Miwok\app\build\intermediates\transforms\dex\debug\folders\1000\5\slice_7 D:\Android\Projects\LearningAndroid\ud839_Miwok\app\build\intermediates\transforms\instantRunSlicer\debug\folders\1\5\slice_7
java_class_path (initial): D:\Android\build-tools\25.0.0\lib\dx.jar
Launcher Type: SUN_STANDARD

Environment Variables:
JAVA_HOME=C:\Program Files\Java\jdk1.8.0_102
PATH=C:\ProgramData\Oracle\Java\javapath;C:\WINDOWS\system32;C:\WINDOWS;C:\WINDOWS\System32\Wbem;C:\WINDOWS\System32\WindowsPowerShell\v1.0\;C:\Program Files\Intel\WiFi\bin\;C:\Program Files\Common Files\Intel\WirelessCommon\;C:\Program Files (x86)\Skype\Phone\;C:\Program Files (x86)\NVIDIA Corporation\PhysX\Common;C:\Program Files\Microsoft SQL Server\120\Tools\Binn\;C:\Program Files\Microsoft SQL Server\130\Tools\Binn\;C:\Program Files (x86)\Intel\OpenCL SDK\2.0\bin\x86;C:\Program Files (x86)\Intel\OpenCL SDK\2.0\bin\x64;C:\Program Files\Microsoft\Web Platform Installer\;C:\Program Files\dotnet\;C:\Windows\system32;C:\Windows;C:\Windows\System32\Wbem;C:\Windows\System32\WindowsPowerShell\v1.0\;C:\Program Files\Java\jdk1.8.0_102\bin;C:\maven\apache-maven-3.3.9\bin;C:\mysql-connector-java-5.1.40\mysql-5.7.16-winx64\bin;C:\Python27;C:\Program Files\Git\cmd;D:\Android\tools;D:\Android\platform-tools;C:\Users\Rami LT\.dnx\bin;C:\Program Files\Intel\WiFi\bin\;C:\Program Files\Common Files\Intel\WirelessCommon\;C:\Users\Rami LT\AppData\Local\Microsoft\WindowsApps;C:\Program Files (x86)\Notepad++
USERNAME=Rami LT
OS=Windows_NT
PROCESSOR_IDENTIFIER=Intel64 Family 6 Model 42 Stepping 7, GenuineIntel



---------------  S Y S T E M  ---------------

OS: Windows 10.0 , 64 bit Build 14393 (10.0.14393.0)

CPU:total 4 (2 cores per cpu, 2 threads per core) family 6 model 42 stepping 7, cmov, cx8, fxsr, mmx, sse, sse2, sse3, ssse3, sse4.1, sse4.2, popcnt, avx, aes, clmul, ht, tsc, tscinvbit

Memory: 4k page, physical 6196396k(1360168k free), swap 7888044k(5836k free)

vm_info: Java HotSpot(TM) 64-Bit Server VM (25.101-b13) for windows-amd64 JRE (1.8.0_101-b13), built on Jun 22 2016 01:21:29 by "java_re" with MS VC++ 10.0 (VS2010)

time: Sat Apr 29 10:16:38 2017
elapsed time: 2 seconds (0d 0h 0m 2s)

